[2026-03-15T00:39:08.679+0000] {taskinstance.py:1159} INFO - Dependencies all met for dep_context=non-requeueable deps ti=<TaskInstance: etl_exercise.transform manual__2026-03-15T00:39:05.180953+00:00 [queued]>
[2026-03-15T00:39:08.686+0000] {taskinstance.py:1159} INFO - Dependencies all met for dep_context=requeueable deps ti=<TaskInstance: etl_exercise.transform manual__2026-03-15T00:39:05.180953+00:00 [queued]>
[2026-03-15T00:39:08.687+0000] {taskinstance.py:1361} INFO - Starting attempt 1 of 1
[2026-03-15T00:39:08.698+0000] {taskinstance.py:1382} INFO - Executing <Task(PythonOperator): transform> on 2026-03-15 00:39:05.180953+00:00
[2026-03-15T00:39:08.702+0000] {standard_task_runner.py:57} INFO - Started process 36226 to run task
[2026-03-15T00:39:08.706+0000] {standard_task_runner.py:84} INFO - Running: ['airflow', 'tasks', 'run', 'etl_exercise', 'transform', 'manual__2026-03-15T00:39:05.180953+00:00', '--job-id', '42', '--raw', '--subdir', 'DAGS_FOLDER/etl_pipeline_dag.py', '--cfg-path', '/tmp/tmpniijwztg']
[2026-03-15T00:39:08.708+0000] {standard_task_runner.py:85} INFO - Job 42: Subtask transform
[2026-03-15T00:39:08.746+0000] {task_command.py:416} INFO - Running <TaskInstance: etl_exercise.transform manual__2026-03-15T00:39:05.180953+00:00 [running]> on host c194c1ff274d
[2026-03-15T00:39:08.801+0000] {taskinstance.py:1662} INFO - Exporting env vars: AIRFLOW_CTX_DAG_OWNER='data_team' AIRFLOW_CTX_DAG_ID='etl_exercise' AIRFLOW_CTX_TASK_ID='transform' AIRFLOW_CTX_EXECUTION_DATE='2026-03-15T00:39:05.180953+00:00' AIRFLOW_CTX_TRY_NUMBER='1' AIRFLOW_CTX_DAG_RUN_ID='manual__2026-03-15T00:39:05.180953+00:00'
[2026-03-15T00:39:08.802+0000] {logging_mixin.py:154} INFO - Transforming data...
[2026-03-15T00:39:08.809+0000] {taskinstance.py:1937} ERROR - Task failed with exception
Traceback (most recent call last):
  File "/home/airflow/.local/lib/python3.8/site-packages/airflow/operators/python.py", line 192, in execute
    return_value = self.execute_callable()
  File "/home/airflow/.local/lib/python3.8/site-packages/airflow/operators/python.py", line 209, in execute_callable
    return self.python_callable(*self.op_args, **self.op_kwargs)
  File "/opt/airflow/dags/etl_pipeline_dag.py", line 142, in transform_data
    total += row["amount"]
TypeError: unsupported operand type(s) for +=: 'int' and 'str'
[2026-03-15T00:39:08.815+0000] {taskinstance.py:1400} INFO - Marking task as FAILED. dag_id=etl_exercise, task_id=transform, execution_date=20260315T003905, start_date=20260315T003908, end_date=20260315T003908
[2026-03-15T00:39:08.815+0000] {logging_mixin.py:154} INFO - ==================================================
[2026-03-15T00:39:08.815+0000] {logging_mixin.py:154} INFO - PIPELINE FAILURE!
[2026-03-15T00:39:08.815+0000] {logging_mixin.py:154} INFO - Dag ID: etl_exercise
[2026-03-15T00:39:08.815+0000] {logging_mixin.py:154} INFO - Task ID: transform
[2026-03-15T00:39:08.815+0000] {logging_mixin.py:154} INFO - Exception: unsupported operand type(s) for +=: 'int' and 'str'
[2026-03-15T00:39:08.815+0000] {logging_mixin.py:154} INFO - ==================================================
[2026-03-15T00:39:08.823+0000] {standard_task_runner.py:104} ERROR - Failed to execute job 42 for task transform (unsupported operand type(s) for +=: 'int' and 'str'; 36226)
[2026-03-15T00:39:08.838+0000] {local_task_job_runner.py:228} INFO - Task exited with return code 1
[2026-03-15T00:39:08.855+0000] {taskinstance.py:2778} INFO - 0 downstream tasks scheduled from follow-on schedule check
