[2026-03-14T00:20:45.611+0000] {taskinstance.py:1159} INFO - Dependencies all met for dep_context=non-requeueable deps ti=<TaskInstance: connections_exercise.query_database manual__2026-03-14T00:20:44.831310+00:00 [queued]>
[2026-03-14T00:20:45.619+0000] {taskinstance.py:1159} INFO - Dependencies all met for dep_context=requeueable deps ti=<TaskInstance: connections_exercise.query_database manual__2026-03-14T00:20:44.831310+00:00 [queued]>
[2026-03-14T00:20:45.619+0000] {taskinstance.py:1361} INFO - Starting attempt 1 of 1
[2026-03-14T00:20:45.632+0000] {taskinstance.py:1382} INFO - Executing <Task(PythonOperator): query_database> on 2026-03-14 00:20:44.831310+00:00
[2026-03-14T00:20:45.636+0000] {standard_task_runner.py:57} INFO - Started process 9088 to run task
[2026-03-14T00:20:45.642+0000] {standard_task_runner.py:84} INFO - Running: ['airflow', 'tasks', 'run', 'connections_exercise', 'query_database', 'manual__2026-03-14T00:20:44.831310+00:00', '--job-id', '18', '--raw', '--subdir', 'DAGS_FOLDER/connections_excercise_dag.py', '--cfg-path', '/tmp/tmp4mqrjhhj']
[2026-03-14T00:20:45.644+0000] {standard_task_runner.py:85} INFO - Job 18: Subtask query_database
[2026-03-14T00:20:45.694+0000] {task_command.py:416} INFO - Running <TaskInstance: connections_exercise.query_database manual__2026-03-14T00:20:44.831310+00:00 [running]> on host c194c1ff274d
[2026-03-14T00:20:45.777+0000] {taskinstance.py:1662} INFO - Exporting env vars: AIRFLOW_CTX_DAG_OWNER='airflow' AIRFLOW_CTX_DAG_ID='connections_exercise' AIRFLOW_CTX_TASK_ID='query_database' AIRFLOW_CTX_EXECUTION_DATE='2026-03-14T00:20:44.831310+00:00' AIRFLOW_CTX_TRY_NUMBER='1' AIRFLOW_CTX_DAG_RUN_ID='manual__2026-03-14T00:20:44.831310+00:00'
[2026-03-14T00:20:45.815+0000] {base.py:73} INFO - Using connection ID 'exercise_postgres' for task execution.
[2026-03-14T00:20:45.821+0000] {taskinstance.py:1937} ERROR - Task failed with exception
Traceback (most recent call last):
  File "/home/airflow/.local/lib/python3.8/site-packages/airflow/operators/python.py", line 192, in execute
    return_value = self.execute_callable()
  File "/home/airflow/.local/lib/python3.8/site-packages/airflow/operators/python.py", line 209, in execute_callable
    return self.python_callable(*self.op_args, **self.op_kwargs)
  File "/opt/airflow/dags/connections_excercise_dag.py", line 46, in query_database
    result = hook.get_first("SELECT COUNT(*) FROM dag_run")
  File "/home/airflow/.local/lib/python3.8/site-packages/airflow/providers/common/sql/hooks/sql.py", line 264, in get_first
    return self.run(sql=sql, parameters=parameters, handler=fetch_one_handler)
  File "/home/airflow/.local/lib/python3.8/site-packages/airflow/providers/common/sql/hooks/sql.py", line 385, in run
    with closing(self.get_conn()) as conn:
  File "/home/airflow/.local/lib/python3.8/site-packages/airflow/providers/postgres/hooks/postgres.py", line 155, in get_conn
    self.conn = psycopg2.connect(**conn_args)
  File "/home/airflow/.local/lib/python3.8/site-packages/psycopg2/__init__.py", line 122, in connect
    conn = _connect(dsn, connection_factory=connection_factory, **kwasync)
psycopg2.OperationalError: connection to server at "postgres" (172.18.0.2), port 5432 failed: FATAL:  *** authentication failed for user "***"

[2026-03-14T00:20:45.832+0000] {taskinstance.py:1400} INFO - Marking task as FAILED. dag_id=connections_exercise, task_id=query_database, execution_date=20260314T002044, start_date=20260314T002045, end_date=20260314T002045
[2026-03-14T00:20:45.846+0000] {standard_task_runner.py:104} ERROR - Failed to execute job 18 for task query_database (connection to server at "postgres" (172.18.0.2), port 5432 failed: FATAL:  *** authentication failed for user "***"
; 9088)
[2026-03-14T00:20:45.857+0000] {local_task_job_runner.py:228} INFO - Task exited with return code 1
[2026-03-14T00:20:45.879+0000] {taskinstance.py:2778} INFO - 0 downstream tasks scheduled from follow-on schedule check
