[2026-03-15T00:28:54.399+0000] {taskinstance.py:1159} INFO - Dependencies all met for dep_context=non-requeueable deps ti=<TaskInstance: etl_exercise.extract manual__2026-03-15T00:17:51.529414+00:00 [queued]>
[2026-03-15T00:28:54.406+0000] {taskinstance.py:1159} INFO - Dependencies all met for dep_context=requeueable deps ti=<TaskInstance: etl_exercise.extract manual__2026-03-15T00:17:51.529414+00:00 [queued]>
[2026-03-15T00:28:54.407+0000] {taskinstance.py:1361} INFO - Starting attempt 1 of 1
[2026-03-15T00:28:54.416+0000] {taskinstance.py:1382} INFO - Executing <Task(PythonOperator): extract> on 2026-03-15 00:17:51.529414+00:00
[2026-03-15T00:28:54.420+0000] {standard_task_runner.py:57} INFO - Started process 35546 to run task
[2026-03-15T00:28:54.423+0000] {standard_task_runner.py:84} INFO - Running: ['airflow', 'tasks', 'run', 'etl_exercise', 'extract', 'manual__2026-03-15T00:17:51.529414+00:00', '--job-id', '32', '--raw', '--subdir', 'DAGS_FOLDER/etl_pipeline_dag.py', '--cfg-path', '/tmp/tmpjj1tyh0e']
[2026-03-15T00:28:54.425+0000] {standard_task_runner.py:85} INFO - Job 32: Subtask extract
[2026-03-15T00:28:54.460+0000] {task_command.py:416} INFO - Running <TaskInstance: etl_exercise.extract manual__2026-03-15T00:17:51.529414+00:00 [running]> on host c194c1ff274d
[2026-03-15T00:28:54.511+0000] {taskinstance.py:1662} INFO - Exporting env vars: AIRFLOW_CTX_DAG_OWNER='data_team' AIRFLOW_CTX_DAG_ID='etl_exercise' AIRFLOW_CTX_TASK_ID='extract' AIRFLOW_CTX_EXECUTION_DATE='2026-03-15T00:17:51.529414+00:00' AIRFLOW_CTX_TRY_NUMBER='1' AIRFLOW_CTX_DAG_RUN_ID='manual__2026-03-15T00:17:51.529414+00:00'
[2026-03-15T00:28:54.512+0000] {logging_mixin.py:154} INFO - Extracting from /opt/airflow/data/input/orders.csv...
[2026-03-15T00:28:54.513+0000] {taskinstance.py:1937} ERROR - Task failed with exception
Traceback (most recent call last):
  File "/home/airflow/.local/lib/python3.8/site-packages/airflow/operators/python.py", line 192, in execute
    return_value = self.execute_callable()
  File "/home/airflow/.local/lib/python3.8/site-packages/airflow/operators/python.py", line 209, in execute_callable
    return self.python_callable(*self.op_args, **self.op_kwargs)
  File "/opt/airflow/dags/etl_pipeline_dag.py", line 85, in extract_data
    raise ValueError(f"Not enough data, need atleast 5 rows only got {len(data)}")
ValueError: Not enough data, need atleast 5 rows only got 0
[2026-03-15T00:28:54.519+0000] {taskinstance.py:1400} INFO - Marking task as FAILED. dag_id=etl_exercise, task_id=extract, execution_date=20260315T001751, start_date=20260315T002854, end_date=20260315T002854
[2026-03-15T00:28:54.519+0000] {logging_mixin.py:154} INFO - ==================================================
[2026-03-15T00:28:54.519+0000] {logging_mixin.py:154} INFO - PIPELINE FAILURE!
[2026-03-15T00:28:54.519+0000] {logging_mixin.py:154} INFO - Dag ID: etl_exercise
[2026-03-15T00:28:54.520+0000] {logging_mixin.py:154} INFO - Task ID: extract
[2026-03-15T00:28:54.520+0000] {logging_mixin.py:154} INFO - Exception: Not enough data, need atleast 5 rows only got 0
[2026-03-15T00:28:54.520+0000] {logging_mixin.py:154} INFO - ==================================================
[2026-03-15T00:28:54.527+0000] {standard_task_runner.py:104} ERROR - Failed to execute job 32 for task extract (Not enough data, need atleast 5 rows only got 0; 35546)
[2026-03-15T00:28:54.555+0000] {local_task_job_runner.py:228} INFO - Task exited with return code 1
[2026-03-15T00:28:54.571+0000] {taskinstance.py:2778} INFO - 0 downstream tasks scheduled from follow-on schedule check
