[2026-03-15T00:41:22.472+0000] {taskinstance.py:1159} INFO - Dependencies all met for dep_context=non-requeueable deps ti=<TaskInstance: etl_exercise.transform manual__2026-03-15T00:41:19.286695+00:00 [queued]>
[2026-03-15T00:41:22.479+0000] {taskinstance.py:1159} INFO - Dependencies all met for dep_context=requeueable deps ti=<TaskInstance: etl_exercise.transform manual__2026-03-15T00:41:19.286695+00:00 [queued]>
[2026-03-15T00:41:22.480+0000] {taskinstance.py:1361} INFO - Starting attempt 1 of 1
[2026-03-15T00:41:22.489+0000] {taskinstance.py:1382} INFO - Executing <Task(PythonOperator): transform> on 2026-03-15 00:41:19.286695+00:00
[2026-03-15T00:41:22.493+0000] {standard_task_runner.py:57} INFO - Started process 36397 to run task
[2026-03-15T00:41:22.496+0000] {standard_task_runner.py:84} INFO - Running: ['airflow', 'tasks', 'run', 'etl_exercise', 'transform', 'manual__2026-03-15T00:41:19.286695+00:00', '--job-id', '46', '--raw', '--subdir', 'DAGS_FOLDER/etl_pipeline_dag.py', '--cfg-path', '/tmp/tmp0rnzbwvd']
[2026-03-15T00:41:22.498+0000] {standard_task_runner.py:85} INFO - Job 46: Subtask transform
[2026-03-15T00:41:22.532+0000] {task_command.py:416} INFO - Running <TaskInstance: etl_exercise.transform manual__2026-03-15T00:41:19.286695+00:00 [running]> on host c194c1ff274d
[2026-03-15T00:41:22.582+0000] {taskinstance.py:1662} INFO - Exporting env vars: AIRFLOW_CTX_DAG_OWNER='data_team' AIRFLOW_CTX_DAG_ID='etl_exercise' AIRFLOW_CTX_TASK_ID='transform' AIRFLOW_CTX_EXECUTION_DATE='2026-03-15T00:41:19.286695+00:00' AIRFLOW_CTX_TRY_NUMBER='1' AIRFLOW_CTX_DAG_RUN_ID='manual__2026-03-15T00:41:19.286695+00:00'
[2026-03-15T00:41:22.582+0000] {logging_mixin.py:154} INFO - Transforming data...
[2026-03-15T00:41:22.589+0000] {taskinstance.py:1937} ERROR - Task failed with exception
Traceback (most recent call last):
  File "/home/airflow/.local/lib/python3.8/site-packages/airflow/operators/python.py", line 192, in execute
    return_value = self.execute_callable()
  File "/home/airflow/.local/lib/python3.8/site-packages/airflow/operators/python.py", line 209, in execute_callable
    return self.python_callable(*self.op_args, **self.op_kwargs)
  File "/opt/airflow/dags/etl_pipeline_dag.py", line 142, in transform_data
    total += int(row["amount"])
ValueError: invalid literal for int() with base 10: '150.00'
[2026-03-15T00:41:22.596+0000] {taskinstance.py:1400} INFO - Marking task as FAILED. dag_id=etl_exercise, task_id=transform, execution_date=20260315T004119, start_date=20260315T004122, end_date=20260315T004122
[2026-03-15T00:41:22.596+0000] {logging_mixin.py:154} INFO - ==================================================
[2026-03-15T00:41:22.596+0000] {logging_mixin.py:154} INFO - PIPELINE FAILURE!
[2026-03-15T00:41:22.596+0000] {logging_mixin.py:154} INFO - Dag ID: etl_exercise
[2026-03-15T00:41:22.596+0000] {logging_mixin.py:154} INFO - Task ID: transform
[2026-03-15T00:41:22.596+0000] {logging_mixin.py:154} INFO - Exception: invalid literal for int() with base 10: '150.00'
[2026-03-15T00:41:22.596+0000] {logging_mixin.py:154} INFO - ==================================================
[2026-03-15T00:41:22.604+0000] {standard_task_runner.py:104} ERROR - Failed to execute job 46 for task transform (invalid literal for int() with base 10: '150.00'; 36397)
[2026-03-15T00:41:22.628+0000] {local_task_job_runner.py:228} INFO - Task exited with return code 1
[2026-03-15T00:41:22.646+0000] {taskinstance.py:2778} INFO - 0 downstream tasks scheduled from follow-on schedule check
