[2026-03-15T00:05:20.307+0000] {taskinstance.py:1159} INFO - Dependencies all met for dep_context=non-requeueable deps ti=<TaskInstance: etl_exercise.wait_for_file manual__2026-03-15T00:05:19.256167+00:00 [queued]>
[2026-03-15T00:05:20.317+0000] {taskinstance.py:1159} INFO - Dependencies all met for dep_context=requeueable deps ti=<TaskInstance: etl_exercise.wait_for_file manual__2026-03-15T00:05:19.256167+00:00 [queued]>
[2026-03-15T00:05:20.317+0000] {taskinstance.py:1361} INFO - Starting attempt 1 of 1
[2026-03-15T00:05:20.327+0000] {taskinstance.py:1382} INFO - Executing <Task(FileSensor): wait_for_file> on 2026-03-15 00:05:19.256167+00:00
[2026-03-15T00:05:20.331+0000] {standard_task_runner.py:57} INFO - Started process 34019 to run task
[2026-03-15T00:05:20.334+0000] {standard_task_runner.py:84} INFO - Running: ['airflow', 'tasks', 'run', 'etl_exercise', 'wait_for_file', 'manual__2026-03-15T00:05:19.256167+00:00', '--job-id', '29', '--raw', '--subdir', 'DAGS_FOLDER/etl_pipeline_dag.py', '--cfg-path', '/tmp/tmpdxn56_qz']
[2026-03-15T00:05:20.337+0000] {standard_task_runner.py:85} INFO - Job 29: Subtask wait_for_file
[2026-03-15T00:05:20.375+0000] {task_command.py:416} INFO - Running <TaskInstance: etl_exercise.wait_for_file manual__2026-03-15T00:05:19.256167+00:00 [running]> on host c194c1ff274d
[2026-03-15T00:05:20.442+0000] {taskinstance.py:1662} INFO - Exporting env vars: AIRFLOW_CTX_DAG_OWNER='data_team' AIRFLOW_CTX_DAG_ID='etl_exercise' AIRFLOW_CTX_TASK_ID='wait_for_file' AIRFLOW_CTX_EXECUTION_DATE='2026-03-15T00:05:19.256167+00:00' AIRFLOW_CTX_TRY_NUMBER='1' AIRFLOW_CTX_DAG_RUN_ID='manual__2026-03-15T00:05:19.256167+00:00'
[2026-03-15T00:05:20.471+0000] {base.py:73} INFO - Using connection ID 'fs_default' for task execution.
[2026-03-15T00:05:20.471+0000] {filesystem.py:64} INFO - Poking for file /opt/airflow/data/input/orders.csv
[2026-03-15T00:05:50.500+0000] {base.py:73} INFO - Using connection ID 'fs_default' for task execution.
[2026-03-15T00:05:50.500+0000] {filesystem.py:64} INFO - Poking for file /opt/airflow/data/input/orders.csv
[2026-03-15T00:06:20.557+0000] {base.py:73} INFO - Using connection ID 'fs_default' for task execution.
[2026-03-15T00:06:20.558+0000] {filesystem.py:64} INFO - Poking for file /opt/airflow/data/input/orders.csv
[2026-03-15T00:06:50.603+0000] {base.py:73} INFO - Using connection ID 'fs_default' for task execution.
[2026-03-15T00:06:50.603+0000] {filesystem.py:64} INFO - Poking for file /opt/airflow/data/input/orders.csv
[2026-03-15T00:07:20.642+0000] {base.py:73} INFO - Using connection ID 'fs_default' for task execution.
[2026-03-15T00:07:20.643+0000] {filesystem.py:64} INFO - Poking for file /opt/airflow/data/input/orders.csv
[2026-03-15T00:07:50.696+0000] {base.py:73} INFO - Using connection ID 'fs_default' for task execution.
[2026-03-15T00:07:50.696+0000] {filesystem.py:64} INFO - Poking for file /opt/airflow/data/input/orders.csv
[2026-03-15T00:08:20.742+0000] {base.py:73} INFO - Using connection ID 'fs_default' for task execution.
[2026-03-15T00:08:20.743+0000] {filesystem.py:64} INFO - Poking for file /opt/airflow/data/input/orders.csv
[2026-03-15T00:08:50.783+0000] {base.py:73} INFO - Using connection ID 'fs_default' for task execution.
[2026-03-15T00:08:50.784+0000] {filesystem.py:64} INFO - Poking for file /opt/airflow/data/input/orders.csv
[2026-03-15T00:09:20.816+0000] {base.py:73} INFO - Using connection ID 'fs_default' for task execution.
[2026-03-15T00:09:20.816+0000] {filesystem.py:64} INFO - Poking for file /opt/airflow/data/input/orders.csv
[2026-03-15T00:09:50.860+0000] {base.py:73} INFO - Using connection ID 'fs_default' for task execution.
[2026-03-15T00:09:50.860+0000] {filesystem.py:64} INFO - Poking for file /opt/airflow/data/input/orders.csv
[2026-03-15T00:10:20.902+0000] {base.py:73} INFO - Using connection ID 'fs_default' for task execution.
[2026-03-15T00:10:20.902+0000] {filesystem.py:64} INFO - Poking for file /opt/airflow/data/input/orders.csv
[2026-03-15T00:10:50.951+0000] {base.py:73} INFO - Using connection ID 'fs_default' for task execution.
[2026-03-15T00:10:50.951+0000] {filesystem.py:64} INFO - Poking for file /opt/airflow/data/input/orders.csv
[2026-03-15T00:11:20.993+0000] {base.py:73} INFO - Using connection ID 'fs_default' for task execution.
[2026-03-15T00:11:20.993+0000] {filesystem.py:64} INFO - Poking for file /opt/airflow/data/input/orders.csv
[2026-03-15T00:11:51.036+0000] {base.py:73} INFO - Using connection ID 'fs_default' for task execution.
[2026-03-15T00:11:51.037+0000] {filesystem.py:64} INFO - Poking for file /opt/airflow/data/input/orders.csv
[2026-03-15T00:12:21.092+0000] {base.py:73} INFO - Using connection ID 'fs_default' for task execution.
[2026-03-15T00:12:21.092+0000] {filesystem.py:64} INFO - Poking for file /opt/airflow/data/input/orders.csv
[2026-03-15T00:12:51.138+0000] {base.py:73} INFO - Using connection ID 'fs_default' for task execution.
[2026-03-15T00:12:51.139+0000] {filesystem.py:64} INFO - Poking for file /opt/airflow/data/input/orders.csv
[2026-03-15T00:13:21.187+0000] {base.py:73} INFO - Using connection ID 'fs_default' for task execution.
[2026-03-15T00:13:21.187+0000] {filesystem.py:64} INFO - Poking for file /opt/airflow/data/input/orders.csv
[2026-03-15T00:13:51.222+0000] {base.py:73} INFO - Using connection ID 'fs_default' for task execution.
[2026-03-15T00:13:51.223+0000] {filesystem.py:64} INFO - Poking for file /opt/airflow/data/input/orders.csv
[2026-03-15T00:14:21.274+0000] {base.py:73} INFO - Using connection ID 'fs_default' for task execution.
[2026-03-15T00:14:21.274+0000] {filesystem.py:64} INFO - Poking for file /opt/airflow/data/input/orders.csv
[2026-03-15T00:14:51.328+0000] {base.py:73} INFO - Using connection ID 'fs_default' for task execution.
[2026-03-15T00:14:51.328+0000] {filesystem.py:64} INFO - Poking for file /opt/airflow/data/input/orders.csv
[2026-03-15T00:15:21.378+0000] {base.py:73} INFO - Using connection ID 'fs_default' for task execution.
[2026-03-15T00:15:21.378+0000] {filesystem.py:64} INFO - Poking for file /opt/airflow/data/input/orders.csv
[2026-03-15T00:15:51.430+0000] {base.py:73} INFO - Using connection ID 'fs_default' for task execution.
[2026-03-15T00:15:51.431+0000] {filesystem.py:64} INFO - Poking for file /opt/airflow/data/input/orders.csv
[2026-03-15T00:16:21.485+0000] {base.py:73} INFO - Using connection ID 'fs_default' for task execution.
[2026-03-15T00:16:21.486+0000] {filesystem.py:64} INFO - Poking for file /opt/airflow/data/input/orders.csv
[2026-03-15T00:16:51.528+0000] {base.py:73} INFO - Using connection ID 'fs_default' for task execution.
[2026-03-15T00:16:51.529+0000] {filesystem.py:64} INFO - Poking for file /opt/airflow/data/input/orders.csv
[2026-03-15T00:17:11.348+0000] {local_task_job_runner.py:294} WARNING - State of this instance has been externally set to success. Terminating instance.
[2026-03-15T00:17:11.351+0000] {process_utils.py:131} INFO - Sending 15 to group 34019. PIDs of all processes in the group: [34019]
[2026-03-15T00:17:11.351+0000] {process_utils.py:86} INFO - Sending the signal 15 to group 34019
[2026-03-15T00:17:11.351+0000] {taskinstance.py:1632} ERROR - Received SIGTERM. Terminating subprocesses.
[2026-03-15T00:17:11.378+0000] {process_utils.py:79} INFO - Process psutil.Process(pid=34019, status='terminated', exitcode=0, started='00:05:20') (34019) terminated with exit code 0
