[2026-03-15T00:17:52.371+0000] {taskinstance.py:1159} INFO - Dependencies all met for dep_context=non-requeueable deps ti=<TaskInstance: etl_exercise.wait_for_file manual__2026-03-15T00:17:51.529414+00:00 [queued]>
[2026-03-15T00:17:52.379+0000] {taskinstance.py:1159} INFO - Dependencies all met for dep_context=requeueable deps ti=<TaskInstance: etl_exercise.wait_for_file manual__2026-03-15T00:17:51.529414+00:00 [queued]>
[2026-03-15T00:17:52.379+0000] {taskinstance.py:1361} INFO - Starting attempt 1 of 1
[2026-03-15T00:17:52.387+0000] {taskinstance.py:1382} INFO - Executing <Task(FileSensor): wait_for_file> on 2026-03-15 00:17:51.529414+00:00
[2026-03-15T00:17:52.391+0000] {standard_task_runner.py:57} INFO - Started process 34825 to run task
[2026-03-15T00:17:52.393+0000] {standard_task_runner.py:84} INFO - Running: ['airflow', 'tasks', 'run', 'etl_exercise', 'wait_for_file', 'manual__2026-03-15T00:17:51.529414+00:00', '--job-id', '31', '--raw', '--subdir', 'DAGS_FOLDER/etl_pipeline_dag.py', '--cfg-path', '/tmp/tmprr0ytn02']
[2026-03-15T00:17:52.395+0000] {standard_task_runner.py:85} INFO - Job 31: Subtask wait_for_file
[2026-03-15T00:17:52.431+0000] {task_command.py:416} INFO - Running <TaskInstance: etl_exercise.wait_for_file manual__2026-03-15T00:17:51.529414+00:00 [running]> on host c194c1ff274d
[2026-03-15T00:17:52.500+0000] {taskinstance.py:1662} INFO - Exporting env vars: AIRFLOW_CTX_DAG_OWNER='data_team' AIRFLOW_CTX_DAG_ID='etl_exercise' AIRFLOW_CTX_TASK_ID='wait_for_file' AIRFLOW_CTX_EXECUTION_DATE='2026-03-15T00:17:51.529414+00:00' AIRFLOW_CTX_TRY_NUMBER='1' AIRFLOW_CTX_DAG_RUN_ID='manual__2026-03-15T00:17:51.529414+00:00'
[2026-03-15T00:17:52.513+0000] {base.py:73} INFO - Using connection ID 'fs_default' for task execution.
[2026-03-15T00:17:52.514+0000] {filesystem.py:64} INFO - Poking for file /opt/airflow/data/input/orders.csv
[2026-03-15T00:18:22.567+0000] {base.py:73} INFO - Using connection ID 'fs_default' for task execution.
[2026-03-15T00:18:22.568+0000] {filesystem.py:64} INFO - Poking for file /opt/airflow/data/input/orders.csv
[2026-03-15T00:18:52.626+0000] {base.py:73} INFO - Using connection ID 'fs_default' for task execution.
[2026-03-15T00:18:52.627+0000] {filesystem.py:64} INFO - Poking for file /opt/airflow/data/input/orders.csv
[2026-03-15T00:19:22.678+0000] {base.py:73} INFO - Using connection ID 'fs_default' for task execution.
[2026-03-15T00:19:22.679+0000] {filesystem.py:64} INFO - Poking for file /opt/airflow/data/input/orders.csv
[2026-03-15T00:19:52.727+0000] {base.py:73} INFO - Using connection ID 'fs_default' for task execution.
[2026-03-15T00:19:52.727+0000] {filesystem.py:64} INFO - Poking for file /opt/airflow/data/input/orders.csv
[2026-03-15T00:20:22.784+0000] {base.py:73} INFO - Using connection ID 'fs_default' for task execution.
[2026-03-15T00:20:22.785+0000] {filesystem.py:64} INFO - Poking for file /opt/airflow/data/input/orders.csv
[2026-03-15T00:20:52.837+0000] {base.py:73} INFO - Using connection ID 'fs_default' for task execution.
[2026-03-15T00:20:52.837+0000] {filesystem.py:64} INFO - Poking for file /opt/airflow/data/input/orders.csv
[2026-03-15T00:21:22.870+0000] {base.py:73} INFO - Using connection ID 'fs_default' for task execution.
[2026-03-15T00:21:22.871+0000] {filesystem.py:64} INFO - Poking for file /opt/airflow/data/input/orders.csv
[2026-03-15T00:21:52.898+0000] {base.py:73} INFO - Using connection ID 'fs_default' for task execution.
[2026-03-15T00:21:52.899+0000] {filesystem.py:64} INFO - Poking for file /opt/airflow/data/input/orders.csv
[2026-03-15T00:22:22.959+0000] {base.py:73} INFO - Using connection ID 'fs_default' for task execution.
[2026-03-15T00:22:22.961+0000] {filesystem.py:64} INFO - Poking for file /opt/airflow/data/input/orders.csv
[2026-03-15T00:22:53.019+0000] {base.py:73} INFO - Using connection ID 'fs_default' for task execution.
[2026-03-15T00:22:53.019+0000] {filesystem.py:64} INFO - Poking for file /opt/airflow/data/input/orders.csv
[2026-03-15T00:23:23.069+0000] {base.py:73} INFO - Using connection ID 'fs_default' for task execution.
[2026-03-15T00:23:23.070+0000] {filesystem.py:64} INFO - Poking for file /opt/airflow/data/input/orders.csv
[2026-03-15T00:23:53.092+0000] {base.py:73} INFO - Using connection ID 'fs_default' for task execution.
[2026-03-15T00:23:53.093+0000] {filesystem.py:64} INFO - Poking for file /opt/airflow/data/input/orders.csv
[2026-03-15T00:24:23.144+0000] {base.py:73} INFO - Using connection ID 'fs_default' for task execution.
[2026-03-15T00:24:23.145+0000] {filesystem.py:64} INFO - Poking for file /opt/airflow/data/input/orders.csv
[2026-03-15T00:24:53.183+0000] {base.py:73} INFO - Using connection ID 'fs_default' for task execution.
[2026-03-15T00:24:53.183+0000] {filesystem.py:64} INFO - Poking for file /opt/airflow/data/input/orders.csv
[2026-03-15T00:25:23.228+0000] {base.py:73} INFO - Using connection ID 'fs_default' for task execution.
[2026-03-15T00:25:23.229+0000] {filesystem.py:64} INFO - Poking for file /opt/airflow/data/input/orders.csv
[2026-03-15T00:25:53.278+0000] {base.py:73} INFO - Using connection ID 'fs_default' for task execution.
[2026-03-15T00:25:53.279+0000] {filesystem.py:64} INFO - Poking for file /opt/airflow/data/input/orders.csv
[2026-03-15T00:26:23.328+0000] {base.py:73} INFO - Using connection ID 'fs_default' for task execution.
[2026-03-15T00:26:23.329+0000] {filesystem.py:64} INFO - Poking for file /opt/airflow/data/input/orders.csv
[2026-03-15T00:26:53.377+0000] {base.py:73} INFO - Using connection ID 'fs_default' for task execution.
[2026-03-15T00:26:53.377+0000] {filesystem.py:64} INFO - Poking for file /opt/airflow/data/input/orders.csv
[2026-03-15T00:27:23.423+0000] {base.py:73} INFO - Using connection ID 'fs_default' for task execution.
[2026-03-15T00:27:23.424+0000] {filesystem.py:64} INFO - Poking for file /opt/airflow/data/input/orders.csv
[2026-03-15T00:27:53.459+0000] {base.py:73} INFO - Using connection ID 'fs_default' for task execution.
[2026-03-15T00:27:53.459+0000] {filesystem.py:64} INFO - Poking for file /opt/airflow/data/input/orders.csv
[2026-03-15T00:28:23.513+0000] {base.py:73} INFO - Using connection ID 'fs_default' for task execution.
[2026-03-15T00:28:23.514+0000] {filesystem.py:64} INFO - Poking for file /opt/airflow/data/input/orders.csv
[2026-03-15T00:28:53.569+0000] {base.py:73} INFO - Using connection ID 'fs_default' for task execution.
[2026-03-15T00:28:53.570+0000] {filesystem.py:64} INFO - Poking for file /opt/airflow/data/input/orders.csv
[2026-03-15T00:28:53.570+0000] {filesystem.py:69} INFO - Found File /opt/airflow/data/input/orders.csv last modified: 20260315002846
[2026-03-15T00:28:53.570+0000] {base.py:287} INFO - Success criteria met. Exiting.
[2026-03-15T00:28:53.578+0000] {taskinstance.py:1400} INFO - Marking task as SUCCESS. dag_id=etl_exercise, task_id=wait_for_file, execution_date=20260315T001751, start_date=20260315T001752, end_date=20260315T002853
[2026-03-15T00:28:53.600+0000] {local_task_job_runner.py:228} INFO - Task exited with return code 0
[2026-03-15T00:28:53.623+0000] {taskinstance.py:2778} INFO - 1 downstream tasks scheduled from follow-on schedule check
