[2026-03-13T15:14:31.484+0000] {taskinstance.py:1159} INFO - Dependencies all met for dep_context=non-requeueable deps ti=<TaskInstance: dependency_exercise.extract_apac manual__2026-03-13T15:14:29.773192+00:00 [queued]>
[2026-03-13T15:14:31.493+0000] {taskinstance.py:1159} INFO - Dependencies all met for dep_context=requeueable deps ti=<TaskInstance: dependency_exercise.extract_apac manual__2026-03-13T15:14:29.773192+00:00 [queued]>
[2026-03-13T15:14:31.493+0000] {taskinstance.py:1361} INFO - Starting attempt 1 of 1
[2026-03-13T15:14:31.503+0000] {taskinstance.py:1382} INFO - Executing <Task(PythonOperator): extract_apac> on 2026-03-13 15:14:29.773192+00:00
[2026-03-13T15:14:31.507+0000] {standard_task_runner.py:57} INFO - Started process 1158 to run task
[2026-03-13T15:14:31.510+0000] {standard_task_runner.py:84} INFO - Running: ['airflow', 'tasks', 'run', 'dependency_exercise', 'extract_apac', 'manual__2026-03-13T15:14:29.773192+00:00', '--job-id', '15', '--raw', '--subdir', 'DAGS_FOLDER/dependency_excercise_dag.py', '--cfg-path', '/tmp/tmpr8f2hoq_']
[2026-03-13T15:14:31.513+0000] {standard_task_runner.py:85} INFO - Job 15: Subtask extract_apac
[2026-03-13T15:14:31.556+0000] {task_command.py:416} INFO - Running <TaskInstance: dependency_exercise.extract_apac manual__2026-03-13T15:14:29.773192+00:00 [running]> on host c194c1ff274d
[2026-03-13T15:14:31.625+0000] {taskinstance.py:1662} INFO - Exporting env vars: AIRFLOW_CTX_DAG_OWNER='airflow' AIRFLOW_CTX_DAG_ID='dependency_exercise' AIRFLOW_CTX_TASK_ID='extract_apac' AIRFLOW_CTX_EXECUTION_DATE='2026-03-13T15:14:29.773192+00:00' AIRFLOW_CTX_TRY_NUMBER='1' AIRFLOW_CTX_DAG_RUN_ID='manual__2026-03-13T15:14:29.773192+00:00'
[2026-03-13T15:14:31.626+0000] {logging_mixin.py:154} INFO - Extracting data from APAC...
[2026-03-13T15:14:32.214+0000] {taskinstance.py:1937} ERROR - Task failed with exception
Traceback (most recent call last):
  File "/home/airflow/.local/lib/python3.8/site-packages/airflow/operators/python.py", line 192, in execute
    return_value = self.execute_callable()
  File "/home/airflow/.local/lib/python3.8/site-packages/airflow/operators/python.py", line 209, in execute_callable
    return self.python_callable(*self.op_args, **self.op_kwargs)
  File "/opt/airflow/dags/dependency_excercise_dag.py", line 35, in extract_region
    raise Exception(f"Something went wrong while extracting {region}")
Exception: Something went wrong while extracting APAC
[2026-03-13T15:14:32.237+0000] {taskinstance.py:1400} INFO - Marking task as FAILED. dag_id=dependency_exercise, task_id=extract_apac, execution_date=20260313T151429, start_date=20260313T151431, end_date=20260313T151432
[2026-03-13T15:14:32.249+0000] {standard_task_runner.py:104} ERROR - Failed to execute job 15 for task extract_apac (Something went wrong while extracting APAC; 1158)
[2026-03-13T15:14:32.275+0000] {local_task_job_runner.py:228} INFO - Task exited with return code 1
[2026-03-13T15:14:32.311+0000] {taskinstance.py:2778} INFO - 0 downstream tasks scheduled from follow-on schedule check
