[2026-03-12T13:14:30.659+0000] {processor.py:157} INFO - Started process (PID=1117) to work on /opt/airflow/dags/my_first_dag.py
[2026-03-12T13:14:30.660+0000] {processor.py:829} INFO - Processing file /opt/airflow/dags/my_first_dag.py for tasks to queue
[2026-03-12T13:14:30.662+0000] {logging_mixin.py:154} INFO - [2026-03-12T13:14:30.661+0000] {dagbag.py:536} INFO - Filling up the DagBag from /opt/airflow/dags/my_first_dag.py
[2026-03-12T13:14:30.671+0000] {logging_mixin.py:154} INFO - [2026-03-12T13:14:30.667+0000] {dagbag.py:346} ERROR - Failed to import: /opt/airflow/dags/my_first_dag.py
Traceback (most recent call last):
  File "/home/airflow/.local/lib/python3.8/site-packages/airflow/models/dagbag.py", line 342, in parse
    loader.exec_module(new_module)
  File "<frozen importlib._bootstrap_external>", line 843, in exec_module
  File "<frozen importlib._bootstrap>", line 219, in _call_with_frames_removed
  File "/opt/airflow/dags/my_first_dag.py", line 72, in <module>
    with DAG(
TypeError: __init__() got an unexpected keyword argument 'cathup'
[2026-03-12T13:14:30.672+0000] {processor.py:841} WARNING - No viable dags retrieved from /opt/airflow/dags/my_first_dag.py
[2026-03-12T13:14:30.696+0000] {processor.py:179} INFO - Processing /opt/airflow/dags/my_first_dag.py took 0.043 seconds
[2026-03-12T13:15:01.546+0000] {processor.py:157} INFO - Started process (PID=1129) to work on /opt/airflow/dags/my_first_dag.py
[2026-03-12T13:15:01.547+0000] {processor.py:829} INFO - Processing file /opt/airflow/dags/my_first_dag.py for tasks to queue
[2026-03-12T13:15:01.548+0000] {logging_mixin.py:154} INFO - [2026-03-12T13:15:01.548+0000] {dagbag.py:536} INFO - Filling up the DagBag from /opt/airflow/dags/my_first_dag.py
[2026-03-12T13:15:01.551+0000] {logging_mixin.py:154} INFO - [2026-03-12T13:15:01.550+0000] {dagbag.py:346} ERROR - Failed to import: /opt/airflow/dags/my_first_dag.py
Traceback (most recent call last):
  File "/home/airflow/.local/lib/python3.8/site-packages/airflow/models/dagbag.py", line 342, in parse
    loader.exec_module(new_module)
  File "<frozen importlib._bootstrap_external>", line 843, in exec_module
  File "<frozen importlib._bootstrap>", line 219, in _call_with_frames_removed
  File "/opt/airflow/dags/my_first_dag.py", line 72, in <module>
    with DAG(
TypeError: __init__() got an unexpected keyword argument 'cathup'
[2026-03-12T13:15:01.551+0000] {processor.py:841} WARNING - No viable dags retrieved from /opt/airflow/dags/my_first_dag.py
[2026-03-12T13:15:01.566+0000] {processor.py:179} INFO - Processing /opt/airflow/dags/my_first_dag.py took 0.022 seconds
[2026-03-12T13:15:32.406+0000] {processor.py:157} INFO - Started process (PID=1141) to work on /opt/airflow/dags/my_first_dag.py
[2026-03-12T13:15:32.407+0000] {processor.py:829} INFO - Processing file /opt/airflow/dags/my_first_dag.py for tasks to queue
[2026-03-12T13:15:32.407+0000] {logging_mixin.py:154} INFO - [2026-03-12T13:15:32.407+0000] {dagbag.py:536} INFO - Filling up the DagBag from /opt/airflow/dags/my_first_dag.py
[2026-03-12T13:15:32.410+0000] {logging_mixin.py:154} INFO - [2026-03-12T13:15:32.409+0000] {dagbag.py:346} ERROR - Failed to import: /opt/airflow/dags/my_first_dag.py
Traceback (most recent call last):
  File "/home/airflow/.local/lib/python3.8/site-packages/airflow/models/dagbag.py", line 342, in parse
    loader.exec_module(new_module)
  File "<frozen importlib._bootstrap_external>", line 843, in exec_module
  File "<frozen importlib._bootstrap>", line 219, in _call_with_frames_removed
  File "/opt/airflow/dags/my_first_dag.py", line 72, in <module>
    with DAG(
TypeError: __init__() got an unexpected keyword argument 'cathup'
[2026-03-12T13:15:32.410+0000] {processor.py:841} WARNING - No viable dags retrieved from /opt/airflow/dags/my_first_dag.py
[2026-03-12T13:15:32.426+0000] {processor.py:179} INFO - Processing /opt/airflow/dags/my_first_dag.py took 0.023 seconds
[2026-03-12T13:16:03.304+0000] {processor.py:157} INFO - Started process (PID=1161) to work on /opt/airflow/dags/my_first_dag.py
[2026-03-12T13:16:03.305+0000] {processor.py:829} INFO - Processing file /opt/airflow/dags/my_first_dag.py for tasks to queue
[2026-03-12T13:16:03.305+0000] {logging_mixin.py:154} INFO - [2026-03-12T13:16:03.305+0000] {dagbag.py:536} INFO - Filling up the DagBag from /opt/airflow/dags/my_first_dag.py
[2026-03-12T13:16:03.309+0000] {logging_mixin.py:154} INFO - [2026-03-12T13:16:03.307+0000] {dagbag.py:346} ERROR - Failed to import: /opt/airflow/dags/my_first_dag.py
Traceback (most recent call last):
  File "/home/airflow/.local/lib/python3.8/site-packages/airflow/models/dagbag.py", line 342, in parse
    loader.exec_module(new_module)
  File "<frozen importlib._bootstrap_external>", line 843, in exec_module
  File "<frozen importlib._bootstrap>", line 219, in _call_with_frames_removed
  File "/opt/airflow/dags/my_first_dag.py", line 72, in <module>
    with DAG(
TypeError: __init__() got an unexpected keyword argument 'cathup'
[2026-03-12T13:16:03.309+0000] {processor.py:841} WARNING - No viable dags retrieved from /opt/airflow/dags/my_first_dag.py
[2026-03-12T13:16:03.325+0000] {processor.py:179} INFO - Processing /opt/airflow/dags/my_first_dag.py took 0.024 seconds
[2026-03-12T13:16:34.212+0000] {processor.py:157} INFO - Started process (PID=1173) to work on /opt/airflow/dags/my_first_dag.py
[2026-03-12T13:16:34.213+0000] {processor.py:829} INFO - Processing file /opt/airflow/dags/my_first_dag.py for tasks to queue
[2026-03-12T13:16:34.214+0000] {logging_mixin.py:154} INFO - [2026-03-12T13:16:34.214+0000] {dagbag.py:536} INFO - Filling up the DagBag from /opt/airflow/dags/my_first_dag.py
[2026-03-12T13:16:34.216+0000] {logging_mixin.py:154} INFO - [2026-03-12T13:16:34.216+0000] {dagbag.py:346} ERROR - Failed to import: /opt/airflow/dags/my_first_dag.py
Traceback (most recent call last):
  File "/home/airflow/.local/lib/python3.8/site-packages/airflow/models/dagbag.py", line 342, in parse
    loader.exec_module(new_module)
  File "<frozen importlib._bootstrap_external>", line 843, in exec_module
  File "<frozen importlib._bootstrap>", line 219, in _call_with_frames_removed
  File "/opt/airflow/dags/my_first_dag.py", line 72, in <module>
    with DAG(
TypeError: __init__() got an unexpected keyword argument 'cathup'
[2026-03-12T13:16:34.217+0000] {processor.py:841} WARNING - No viable dags retrieved from /opt/airflow/dags/my_first_dag.py
[2026-03-12T13:16:34.235+0000] {processor.py:179} INFO - Processing /opt/airflow/dags/my_first_dag.py took 0.026 seconds
[2026-03-12T13:17:05.117+0000] {processor.py:157} INFO - Started process (PID=1185) to work on /opt/airflow/dags/my_first_dag.py
[2026-03-12T13:17:05.118+0000] {processor.py:829} INFO - Processing file /opt/airflow/dags/my_first_dag.py for tasks to queue
[2026-03-12T13:17:05.119+0000] {logging_mixin.py:154} INFO - [2026-03-12T13:17:05.118+0000] {dagbag.py:536} INFO - Filling up the DagBag from /opt/airflow/dags/my_first_dag.py
[2026-03-12T13:17:05.122+0000] {logging_mixin.py:154} INFO - [2026-03-12T13:17:05.121+0000] {dagbag.py:346} ERROR - Failed to import: /opt/airflow/dags/my_first_dag.py
Traceback (most recent call last):
  File "/home/airflow/.local/lib/python3.8/site-packages/airflow/models/dagbag.py", line 342, in parse
    loader.exec_module(new_module)
  File "<frozen importlib._bootstrap_external>", line 843, in exec_module
  File "<frozen importlib._bootstrap>", line 219, in _call_with_frames_removed
  File "/opt/airflow/dags/my_first_dag.py", line 72, in <module>
    with DAG(
TypeError: __init__() got an unexpected keyword argument 'cathup'
[2026-03-12T13:17:05.122+0000] {processor.py:841} WARNING - No viable dags retrieved from /opt/airflow/dags/my_first_dag.py
[2026-03-12T13:17:05.139+0000] {processor.py:179} INFO - Processing /opt/airflow/dags/my_first_dag.py took 0.027 seconds
[2026-03-12T13:17:36.040+0000] {processor.py:157} INFO - Started process (PID=1197) to work on /opt/airflow/dags/my_first_dag.py
[2026-03-12T13:17:36.041+0000] {processor.py:829} INFO - Processing file /opt/airflow/dags/my_first_dag.py for tasks to queue
[2026-03-12T13:17:36.042+0000] {logging_mixin.py:154} INFO - [2026-03-12T13:17:36.042+0000] {dagbag.py:536} INFO - Filling up the DagBag from /opt/airflow/dags/my_first_dag.py
[2026-03-12T13:17:36.045+0000] {logging_mixin.py:154} INFO - [2026-03-12T13:17:36.044+0000] {dagbag.py:346} ERROR - Failed to import: /opt/airflow/dags/my_first_dag.py
Traceback (most recent call last):
  File "/home/airflow/.local/lib/python3.8/site-packages/airflow/models/dagbag.py", line 342, in parse
    loader.exec_module(new_module)
  File "<frozen importlib._bootstrap_external>", line 843, in exec_module
  File "<frozen importlib._bootstrap>", line 219, in _call_with_frames_removed
  File "/opt/airflow/dags/my_first_dag.py", line 72, in <module>
    with DAG(
TypeError: __init__() got an unexpected keyword argument 'cathup'
[2026-03-12T13:17:36.045+0000] {processor.py:841} WARNING - No viable dags retrieved from /opt/airflow/dags/my_first_dag.py
[2026-03-12T13:17:36.065+0000] {processor.py:179} INFO - Processing /opt/airflow/dags/my_first_dag.py took 0.028 seconds
[2026-03-12T13:18:06.967+0000] {processor.py:157} INFO - Started process (PID=1209) to work on /opt/airflow/dags/my_first_dag.py
[2026-03-12T13:18:06.969+0000] {processor.py:829} INFO - Processing file /opt/airflow/dags/my_first_dag.py for tasks to queue
[2026-03-12T13:18:06.969+0000] {logging_mixin.py:154} INFO - [2026-03-12T13:18:06.969+0000] {dagbag.py:536} INFO - Filling up the DagBag from /opt/airflow/dags/my_first_dag.py
[2026-03-12T13:18:06.973+0000] {logging_mixin.py:154} INFO - [2026-03-12T13:18:06.972+0000] {dagbag.py:346} ERROR - Failed to import: /opt/airflow/dags/my_first_dag.py
Traceback (most recent call last):
  File "/home/airflow/.local/lib/python3.8/site-packages/airflow/models/dagbag.py", line 342, in parse
    loader.exec_module(new_module)
  File "<frozen importlib._bootstrap_external>", line 843, in exec_module
  File "<frozen importlib._bootstrap>", line 219, in _call_with_frames_removed
  File "/opt/airflow/dags/my_first_dag.py", line 72, in <module>
    with DAG(
TypeError: __init__() got an unexpected keyword argument 'cathup'
[2026-03-12T13:18:06.973+0000] {processor.py:841} WARNING - No viable dags retrieved from /opt/airflow/dags/my_first_dag.py
[2026-03-12T13:18:06.992+0000] {processor.py:179} INFO - Processing /opt/airflow/dags/my_first_dag.py took 0.028 seconds
[2026-03-12T13:18:37.492+0000] {processor.py:157} INFO - Started process (PID=1221) to work on /opt/airflow/dags/my_first_dag.py
[2026-03-12T13:18:37.493+0000] {processor.py:829} INFO - Processing file /opt/airflow/dags/my_first_dag.py for tasks to queue
[2026-03-12T13:18:37.494+0000] {logging_mixin.py:154} INFO - [2026-03-12T13:18:37.494+0000] {dagbag.py:536} INFO - Filling up the DagBag from /opt/airflow/dags/my_first_dag.py
[2026-03-12T13:18:37.497+0000] {logging_mixin.py:154} INFO - [2026-03-12T13:18:37.496+0000] {dagbag.py:346} ERROR - Failed to import: /opt/airflow/dags/my_first_dag.py
Traceback (most recent call last):
  File "/home/airflow/.local/lib/python3.8/site-packages/airflow/models/dagbag.py", line 342, in parse
    loader.exec_module(new_module)
  File "<frozen importlib._bootstrap_external>", line 843, in exec_module
  File "<frozen importlib._bootstrap>", line 219, in _call_with_frames_removed
  File "/opt/airflow/dags/my_first_dag.py", line 72, in <module>
    with DAG(
TypeError: __init__() got an unexpected keyword argument 'cathup'
[2026-03-12T13:18:37.498+0000] {processor.py:841} WARNING - No viable dags retrieved from /opt/airflow/dags/my_first_dag.py
[2026-03-12T13:18:37.514+0000] {processor.py:179} INFO - Processing /opt/airflow/dags/my_first_dag.py took 0.026 seconds
[2026-03-12T13:18:48.594+0000] {processor.py:157} INFO - Started process (PID=1226) to work on /opt/airflow/dags/my_first_dag.py
[2026-03-12T13:18:48.595+0000] {processor.py:829} INFO - Processing file /opt/airflow/dags/my_first_dag.py for tasks to queue
[2026-03-12T13:18:48.596+0000] {logging_mixin.py:154} INFO - [2026-03-12T13:18:48.595+0000] {dagbag.py:536} INFO - Filling up the DagBag from /opt/airflow/dags/my_first_dag.py
[2026-03-12T13:18:48.605+0000] {logging_mixin.py:154} INFO - Processing data...
[2026-03-12T13:18:48.605+0000] {logging_mixin.py:154} INFO - Status: [SUCCESS], Records Processed: 100
[2026-03-12T13:18:48.608+0000] {logging_mixin.py:154} INFO - [2026-03-12T13:18:48.606+0000] {dagbag.py:346} ERROR - Failed to import: /opt/airflow/dags/my_first_dag.py
Traceback (most recent call last):
  File "/home/airflow/.local/lib/python3.8/site-packages/airflow/models/dagbag.py", line 342, in parse
    loader.exec_module(new_module)
  File "<frozen importlib._bootstrap_external>", line 843, in exec_module
  File "<frozen importlib._bootstrap>", line 219, in _call_with_frames_removed
  File "/opt/airflow/dags/my_first_dag.py", line 96, in <module>
    process = PythonOperator(
  File "/home/airflow/.local/lib/python3.8/site-packages/airflow/models/baseoperator.py", line 437, in apply_defaults
    result = func(self, **kwargs, default_args=default_args)
  File "/home/airflow/.local/lib/python3.8/site-packages/airflow/operators/python.py", line 179, in __init__
    raise AirflowException("`python_callable` param must be callable")
airflow.exceptions.AirflowException: `python_callable` param must be callable
[2026-03-12T13:18:48.608+0000] {processor.py:841} WARNING - No viable dags retrieved from /opt/airflow/dags/my_first_dag.py
[2026-03-12T13:18:48.626+0000] {processor.py:179} INFO - Processing /opt/airflow/dags/my_first_dag.py took 0.035 seconds
[2026-03-12T13:19:19.464+0000] {processor.py:157} INFO - Started process (PID=1238) to work on /opt/airflow/dags/my_first_dag.py
[2026-03-12T13:19:19.465+0000] {processor.py:829} INFO - Processing file /opt/airflow/dags/my_first_dag.py for tasks to queue
[2026-03-12T13:19:19.466+0000] {logging_mixin.py:154} INFO - [2026-03-12T13:19:19.466+0000] {dagbag.py:536} INFO - Filling up the DagBag from /opt/airflow/dags/my_first_dag.py
[2026-03-12T13:19:19.472+0000] {logging_mixin.py:154} INFO - Processing data...
[2026-03-12T13:19:19.472+0000] {logging_mixin.py:154} INFO - Status: [SUCCESS], Records Processed: 100
[2026-03-12T13:19:19.474+0000] {logging_mixin.py:154} INFO - [2026-03-12T13:19:19.473+0000] {dagbag.py:346} ERROR - Failed to import: /opt/airflow/dags/my_first_dag.py
Traceback (most recent call last):
  File "/home/airflow/.local/lib/python3.8/site-packages/airflow/models/dagbag.py", line 342, in parse
    loader.exec_module(new_module)
  File "<frozen importlib._bootstrap_external>", line 843, in exec_module
  File "<frozen importlib._bootstrap>", line 219, in _call_with_frames_removed
  File "/opt/airflow/dags/my_first_dag.py", line 96, in <module>
    process = PythonOperator(
  File "/home/airflow/.local/lib/python3.8/site-packages/airflow/models/baseoperator.py", line 437, in apply_defaults
    result = func(self, **kwargs, default_args=default_args)
  File "/home/airflow/.local/lib/python3.8/site-packages/airflow/operators/python.py", line 179, in __init__
    raise AirflowException("`python_callable` param must be callable")
airflow.exceptions.AirflowException: `python_callable` param must be callable
[2026-03-12T13:19:19.475+0000] {processor.py:841} WARNING - No viable dags retrieved from /opt/airflow/dags/my_first_dag.py
[2026-03-12T13:19:19.493+0000] {processor.py:179} INFO - Processing /opt/airflow/dags/my_first_dag.py took 0.032 seconds
[2026-03-12T13:19:50.365+0000] {processor.py:157} INFO - Started process (PID=1251) to work on /opt/airflow/dags/my_first_dag.py
[2026-03-12T13:19:50.366+0000] {processor.py:829} INFO - Processing file /opt/airflow/dags/my_first_dag.py for tasks to queue
[2026-03-12T13:19:50.367+0000] {logging_mixin.py:154} INFO - [2026-03-12T13:19:50.366+0000] {dagbag.py:536} INFO - Filling up the DagBag from /opt/airflow/dags/my_first_dag.py
[2026-03-12T13:19:50.371+0000] {logging_mixin.py:154} INFO - Processing data...
[2026-03-12T13:19:50.372+0000] {logging_mixin.py:154} INFO - Status: [SUCCESS], Records Processed: 100
[2026-03-12T13:19:50.373+0000] {logging_mixin.py:154} INFO - [2026-03-12T13:19:50.372+0000] {dagbag.py:346} ERROR - Failed to import: /opt/airflow/dags/my_first_dag.py
Traceback (most recent call last):
  File "/home/airflow/.local/lib/python3.8/site-packages/airflow/models/dagbag.py", line 342, in parse
    loader.exec_module(new_module)
  File "<frozen importlib._bootstrap_external>", line 843, in exec_module
  File "<frozen importlib._bootstrap>", line 219, in _call_with_frames_removed
  File "/opt/airflow/dags/my_first_dag.py", line 96, in <module>
    process = PythonOperator(
  File "/home/airflow/.local/lib/python3.8/site-packages/airflow/models/baseoperator.py", line 437, in apply_defaults
    result = func(self, **kwargs, default_args=default_args)
  File "/home/airflow/.local/lib/python3.8/site-packages/airflow/operators/python.py", line 179, in __init__
    raise AirflowException("`python_callable` param must be callable")
airflow.exceptions.AirflowException: `python_callable` param must be callable
[2026-03-12T13:19:50.374+0000] {processor.py:841} WARNING - No viable dags retrieved from /opt/airflow/dags/my_first_dag.py
[2026-03-12T13:19:50.390+0000] {processor.py:179} INFO - Processing /opt/airflow/dags/my_first_dag.py took 0.028 seconds
[2026-03-12T13:20:21.228+0000] {processor.py:157} INFO - Started process (PID=1263) to work on /opt/airflow/dags/my_first_dag.py
[2026-03-12T13:20:21.229+0000] {processor.py:829} INFO - Processing file /opt/airflow/dags/my_first_dag.py for tasks to queue
[2026-03-12T13:20:21.230+0000] {logging_mixin.py:154} INFO - [2026-03-12T13:20:21.229+0000] {dagbag.py:536} INFO - Filling up the DagBag from /opt/airflow/dags/my_first_dag.py
[2026-03-12T13:20:21.235+0000] {logging_mixin.py:154} INFO - Processing data...
[2026-03-12T13:20:21.235+0000] {logging_mixin.py:154} INFO - Status: [SUCCESS], Records Processed: 100
[2026-03-12T13:20:21.237+0000] {logging_mixin.py:154} INFO - [2026-03-12T13:20:21.235+0000] {dagbag.py:346} ERROR - Failed to import: /opt/airflow/dags/my_first_dag.py
Traceback (most recent call last):
  File "/home/airflow/.local/lib/python3.8/site-packages/airflow/models/dagbag.py", line 342, in parse
    loader.exec_module(new_module)
  File "<frozen importlib._bootstrap_external>", line 843, in exec_module
  File "<frozen importlib._bootstrap>", line 219, in _call_with_frames_removed
  File "/opt/airflow/dags/my_first_dag.py", line 96, in <module>
    process = PythonOperator(
  File "/home/airflow/.local/lib/python3.8/site-packages/airflow/models/baseoperator.py", line 437, in apply_defaults
    result = func(self, **kwargs, default_args=default_args)
  File "/home/airflow/.local/lib/python3.8/site-packages/airflow/operators/python.py", line 179, in __init__
    raise AirflowException("`python_callable` param must be callable")
airflow.exceptions.AirflowException: `python_callable` param must be callable
[2026-03-12T13:20:21.237+0000] {processor.py:841} WARNING - No viable dags retrieved from /opt/airflow/dags/my_first_dag.py
[2026-03-12T13:20:21.253+0000] {processor.py:179} INFO - Processing /opt/airflow/dags/my_first_dag.py took 0.028 seconds
[2026-03-12T13:20:52.117+0000] {processor.py:157} INFO - Started process (PID=1283) to work on /opt/airflow/dags/my_first_dag.py
[2026-03-12T13:20:52.118+0000] {processor.py:829} INFO - Processing file /opt/airflow/dags/my_first_dag.py for tasks to queue
[2026-03-12T13:20:52.118+0000] {logging_mixin.py:154} INFO - [2026-03-12T13:20:52.118+0000] {dagbag.py:536} INFO - Filling up the DagBag from /opt/airflow/dags/my_first_dag.py
[2026-03-12T13:20:52.124+0000] {logging_mixin.py:154} INFO - Processing data...
[2026-03-12T13:20:52.124+0000] {logging_mixin.py:154} INFO - Status: [SUCCESS], Records Processed: 100
[2026-03-12T13:20:52.125+0000] {logging_mixin.py:154} INFO - [2026-03-12T13:20:52.124+0000] {dagbag.py:346} ERROR - Failed to import: /opt/airflow/dags/my_first_dag.py
Traceback (most recent call last):
  File "/home/airflow/.local/lib/python3.8/site-packages/airflow/models/dagbag.py", line 342, in parse
    loader.exec_module(new_module)
  File "<frozen importlib._bootstrap_external>", line 843, in exec_module
  File "<frozen importlib._bootstrap>", line 219, in _call_with_frames_removed
  File "/opt/airflow/dags/my_first_dag.py", line 96, in <module>
    process = PythonOperator(
  File "/home/airflow/.local/lib/python3.8/site-packages/airflow/models/baseoperator.py", line 437, in apply_defaults
    result = func(self, **kwargs, default_args=default_args)
  File "/home/airflow/.local/lib/python3.8/site-packages/airflow/operators/python.py", line 179, in __init__
    raise AirflowException("`python_callable` param must be callable")
airflow.exceptions.AirflowException: `python_callable` param must be callable
[2026-03-12T13:20:52.125+0000] {processor.py:841} WARNING - No viable dags retrieved from /opt/airflow/dags/my_first_dag.py
[2026-03-12T13:20:52.140+0000] {processor.py:179} INFO - Processing /opt/airflow/dags/my_first_dag.py took 0.026 seconds
[2026-03-12T13:21:23.018+0000] {processor.py:157} INFO - Started process (PID=1295) to work on /opt/airflow/dags/my_first_dag.py
[2026-03-12T13:21:23.019+0000] {processor.py:829} INFO - Processing file /opt/airflow/dags/my_first_dag.py for tasks to queue
[2026-03-12T13:21:23.019+0000] {logging_mixin.py:154} INFO - [2026-03-12T13:21:23.019+0000] {dagbag.py:536} INFO - Filling up the DagBag from /opt/airflow/dags/my_first_dag.py
[2026-03-12T13:21:23.025+0000] {logging_mixin.py:154} INFO - Processing data...
[2026-03-12T13:21:23.025+0000] {logging_mixin.py:154} INFO - Status: [SUCCESS], Records Processed: 100
[2026-03-12T13:21:23.028+0000] {logging_mixin.py:154} INFO - [2026-03-12T13:21:23.026+0000] {dagbag.py:346} ERROR - Failed to import: /opt/airflow/dags/my_first_dag.py
Traceback (most recent call last):
  File "/home/airflow/.local/lib/python3.8/site-packages/airflow/models/dagbag.py", line 342, in parse
    loader.exec_module(new_module)
  File "<frozen importlib._bootstrap_external>", line 843, in exec_module
  File "<frozen importlib._bootstrap>", line 219, in _call_with_frames_removed
  File "/opt/airflow/dags/my_first_dag.py", line 96, in <module>
    process = PythonOperator(
  File "/home/airflow/.local/lib/python3.8/site-packages/airflow/models/baseoperator.py", line 437, in apply_defaults
    result = func(self, **kwargs, default_args=default_args)
  File "/home/airflow/.local/lib/python3.8/site-packages/airflow/operators/python.py", line 179, in __init__
    raise AirflowException("`python_callable` param must be callable")
airflow.exceptions.AirflowException: `python_callable` param must be callable
[2026-03-12T13:21:23.028+0000] {processor.py:841} WARNING - No viable dags retrieved from /opt/airflow/dags/my_first_dag.py
[2026-03-12T13:21:23.045+0000] {processor.py:179} INFO - Processing /opt/airflow/dags/my_first_dag.py took 0.031 seconds
[2026-03-12T13:21:53.889+0000] {processor.py:157} INFO - Started process (PID=1307) to work on /opt/airflow/dags/my_first_dag.py
[2026-03-12T13:21:53.890+0000] {processor.py:829} INFO - Processing file /opt/airflow/dags/my_first_dag.py for tasks to queue
[2026-03-12T13:21:53.891+0000] {logging_mixin.py:154} INFO - [2026-03-12T13:21:53.891+0000] {dagbag.py:536} INFO - Filling up the DagBag from /opt/airflow/dags/my_first_dag.py
[2026-03-12T13:21:53.897+0000] {logging_mixin.py:154} INFO - Processing data...
[2026-03-12T13:21:53.897+0000] {logging_mixin.py:154} INFO - Status: [SUCCESS], Records Processed: 100
[2026-03-12T13:21:53.899+0000] {logging_mixin.py:154} INFO - [2026-03-12T13:21:53.898+0000] {dagbag.py:346} ERROR - Failed to import: /opt/airflow/dags/my_first_dag.py
Traceback (most recent call last):
  File "/home/airflow/.local/lib/python3.8/site-packages/airflow/models/dagbag.py", line 342, in parse
    loader.exec_module(new_module)
  File "<frozen importlib._bootstrap_external>", line 843, in exec_module
  File "<frozen importlib._bootstrap>", line 219, in _call_with_frames_removed
  File "/opt/airflow/dags/my_first_dag.py", line 96, in <module>
    process = PythonOperator(
  File "/home/airflow/.local/lib/python3.8/site-packages/airflow/models/baseoperator.py", line 437, in apply_defaults
    result = func(self, **kwargs, default_args=default_args)
  File "/home/airflow/.local/lib/python3.8/site-packages/airflow/operators/python.py", line 179, in __init__
    raise AirflowException("`python_callable` param must be callable")
airflow.exceptions.AirflowException: `python_callable` param must be callable
[2026-03-12T13:21:53.899+0000] {processor.py:841} WARNING - No viable dags retrieved from /opt/airflow/dags/my_first_dag.py
[2026-03-12T13:21:53.914+0000] {processor.py:179} INFO - Processing /opt/airflow/dags/my_first_dag.py took 0.028 seconds
[2026-03-12T13:22:38.022+0000] {processor.py:157} INFO - Started process (PID=173) to work on /opt/airflow/dags/my_first_dag.py
[2026-03-12T13:22:38.023+0000] {processor.py:829} INFO - Processing file /opt/airflow/dags/my_first_dag.py for tasks to queue
[2026-03-12T13:22:38.024+0000] {logging_mixin.py:154} INFO - [2026-03-12T13:22:38.024+0000] {dagbag.py:536} INFO - Filling up the DagBag from /opt/airflow/dags/my_first_dag.py
[2026-03-12T13:22:38.034+0000] {logging_mixin.py:154} INFO - Processing data...
[2026-03-12T13:22:38.035+0000] {logging_mixin.py:154} INFO - Status: [SUCCESS], Records Processed: 100
[2026-03-12T13:22:38.037+0000] {logging_mixin.py:154} INFO - [2026-03-12T13:22:38.035+0000] {dagbag.py:346} ERROR - Failed to import: /opt/airflow/dags/my_first_dag.py
Traceback (most recent call last):
  File "/home/airflow/.local/lib/python3.8/site-packages/airflow/models/dagbag.py", line 342, in parse
    loader.exec_module(new_module)
  File "<frozen importlib._bootstrap_external>", line 843, in exec_module
  File "<frozen importlib._bootstrap>", line 219, in _call_with_frames_removed
  File "/opt/airflow/dags/my_first_dag.py", line 96, in <module>
    process = PythonOperator(
  File "/home/airflow/.local/lib/python3.8/site-packages/airflow/models/baseoperator.py", line 437, in apply_defaults
    result = func(self, **kwargs, default_args=default_args)
  File "/home/airflow/.local/lib/python3.8/site-packages/airflow/operators/python.py", line 179, in __init__
    raise AirflowException("`python_callable` param must be callable")
airflow.exceptions.AirflowException: `python_callable` param must be callable
[2026-03-12T13:22:38.037+0000] {processor.py:841} WARNING - No viable dags retrieved from /opt/airflow/dags/my_first_dag.py
[2026-03-12T13:22:38.056+0000] {processor.py:179} INFO - Processing /opt/airflow/dags/my_first_dag.py took 0.037 seconds
[2026-03-12T13:23:08.935+0000] {processor.py:157} INFO - Started process (PID=229) to work on /opt/airflow/dags/my_first_dag.py
[2026-03-12T13:23:08.936+0000] {processor.py:829} INFO - Processing file /opt/airflow/dags/my_first_dag.py for tasks to queue
[2026-03-12T13:23:08.937+0000] {logging_mixin.py:154} INFO - [2026-03-12T13:23:08.937+0000] {dagbag.py:536} INFO - Filling up the DagBag from /opt/airflow/dags/my_first_dag.py
[2026-03-12T13:23:08.943+0000] {logging_mixin.py:154} INFO - Processing data...
[2026-03-12T13:23:08.943+0000] {logging_mixin.py:154} INFO - Status: [SUCCESS], Records Processed: 100
[2026-03-12T13:23:08.945+0000] {logging_mixin.py:154} INFO - [2026-03-12T13:23:08.944+0000] {dagbag.py:346} ERROR - Failed to import: /opt/airflow/dags/my_first_dag.py
Traceback (most recent call last):
  File "/home/airflow/.local/lib/python3.8/site-packages/airflow/models/dagbag.py", line 342, in parse
    loader.exec_module(new_module)
  File "<frozen importlib._bootstrap_external>", line 843, in exec_module
  File "<frozen importlib._bootstrap>", line 219, in _call_with_frames_removed
  File "/opt/airflow/dags/my_first_dag.py", line 96, in <module>
    process = PythonOperator(
  File "/home/airflow/.local/lib/python3.8/site-packages/airflow/models/baseoperator.py", line 437, in apply_defaults
    result = func(self, **kwargs, default_args=default_args)
  File "/home/airflow/.local/lib/python3.8/site-packages/airflow/operators/python.py", line 179, in __init__
    raise AirflowException("`python_callable` param must be callable")
airflow.exceptions.AirflowException: `python_callable` param must be callable
[2026-03-12T13:23:08.945+0000] {processor.py:841} WARNING - No viable dags retrieved from /opt/airflow/dags/my_first_dag.py
[2026-03-12T13:23:08.961+0000] {processor.py:179} INFO - Processing /opt/airflow/dags/my_first_dag.py took 0.030 seconds
[2026-03-12T13:23:39.845+0000] {processor.py:157} INFO - Started process (PID=269) to work on /opt/airflow/dags/my_first_dag.py
[2026-03-12T13:23:39.847+0000] {processor.py:829} INFO - Processing file /opt/airflow/dags/my_first_dag.py for tasks to queue
[2026-03-12T13:23:39.848+0000] {logging_mixin.py:154} INFO - [2026-03-12T13:23:39.847+0000] {dagbag.py:536} INFO - Filling up the DagBag from /opt/airflow/dags/my_first_dag.py
[2026-03-12T13:23:39.857+0000] {logging_mixin.py:154} INFO - Processing data...
[2026-03-12T13:23:39.857+0000] {logging_mixin.py:154} INFO - Status: [SUCCESS], Records Processed: 100
[2026-03-12T13:23:39.860+0000] {logging_mixin.py:154} INFO - [2026-03-12T13:23:39.858+0000] {dagbag.py:346} ERROR - Failed to import: /opt/airflow/dags/my_first_dag.py
Traceback (most recent call last):
  File "/home/airflow/.local/lib/python3.8/site-packages/airflow/models/dagbag.py", line 342, in parse
    loader.exec_module(new_module)
  File "<frozen importlib._bootstrap_external>", line 843, in exec_module
  File "<frozen importlib._bootstrap>", line 219, in _call_with_frames_removed
  File "/opt/airflow/dags/my_first_dag.py", line 96, in <module>
    process = PythonOperator(
  File "/home/airflow/.local/lib/python3.8/site-packages/airflow/models/baseoperator.py", line 437, in apply_defaults
    result = func(self, **kwargs, default_args=default_args)
  File "/home/airflow/.local/lib/python3.8/site-packages/airflow/operators/python.py", line 179, in __init__
    raise AirflowException("`python_callable` param must be callable")
airflow.exceptions.AirflowException: `python_callable` param must be callable
[2026-03-12T13:23:39.860+0000] {processor.py:841} WARNING - No viable dags retrieved from /opt/airflow/dags/my_first_dag.py
[2026-03-12T13:23:39.893+0000] {processor.py:179} INFO - Processing /opt/airflow/dags/my_first_dag.py took 0.051 seconds
[2026-03-12T13:24:10.695+0000] {processor.py:157} INFO - Started process (PID=281) to work on /opt/airflow/dags/my_first_dag.py
[2026-03-12T13:24:10.696+0000] {processor.py:829} INFO - Processing file /opt/airflow/dags/my_first_dag.py for tasks to queue
[2026-03-12T13:24:10.697+0000] {logging_mixin.py:154} INFO - [2026-03-12T13:24:10.697+0000] {dagbag.py:536} INFO - Filling up the DagBag from /opt/airflow/dags/my_first_dag.py
[2026-03-12T13:24:10.703+0000] {logging_mixin.py:154} INFO - Processing data...
[2026-03-12T13:24:10.704+0000] {logging_mixin.py:154} INFO - Status: [SUCCESS], Records Processed: 100
[2026-03-12T13:24:10.707+0000] {logging_mixin.py:154} INFO - [2026-03-12T13:24:10.704+0000] {dagbag.py:346} ERROR - Failed to import: /opt/airflow/dags/my_first_dag.py
Traceback (most recent call last):
  File "/home/airflow/.local/lib/python3.8/site-packages/airflow/models/dagbag.py", line 342, in parse
    loader.exec_module(new_module)
  File "<frozen importlib._bootstrap_external>", line 843, in exec_module
  File "<frozen importlib._bootstrap>", line 219, in _call_with_frames_removed
  File "/opt/airflow/dags/my_first_dag.py", line 96, in <module>
    process = PythonOperator(
  File "/home/airflow/.local/lib/python3.8/site-packages/airflow/models/baseoperator.py", line 437, in apply_defaults
    result = func(self, **kwargs, default_args=default_args)
  File "/home/airflow/.local/lib/python3.8/site-packages/airflow/operators/python.py", line 179, in __init__
    raise AirflowException("`python_callable` param must be callable")
airflow.exceptions.AirflowException: `python_callable` param must be callable
[2026-03-12T13:24:10.708+0000] {processor.py:841} WARNING - No viable dags retrieved from /opt/airflow/dags/my_first_dag.py
[2026-03-12T13:24:10.729+0000] {processor.py:179} INFO - Processing /opt/airflow/dags/my_first_dag.py took 0.037 seconds
[2026-03-12T13:24:41.561+0000] {processor.py:157} INFO - Started process (PID=293) to work on /opt/airflow/dags/my_first_dag.py
[2026-03-12T13:24:41.562+0000] {processor.py:829} INFO - Processing file /opt/airflow/dags/my_first_dag.py for tasks to queue
[2026-03-12T13:24:41.562+0000] {logging_mixin.py:154} INFO - [2026-03-12T13:24:41.562+0000] {dagbag.py:536} INFO - Filling up the DagBag from /opt/airflow/dags/my_first_dag.py
[2026-03-12T13:24:41.567+0000] {logging_mixin.py:154} INFO - Processing data...
[2026-03-12T13:24:41.568+0000] {logging_mixin.py:154} INFO - Status: [SUCCESS], Records Processed: 100
[2026-03-12T13:24:41.569+0000] {logging_mixin.py:154} INFO - [2026-03-12T13:24:41.568+0000] {dagbag.py:346} ERROR - Failed to import: /opt/airflow/dags/my_first_dag.py
Traceback (most recent call last):
  File "/home/airflow/.local/lib/python3.8/site-packages/airflow/models/dagbag.py", line 342, in parse
    loader.exec_module(new_module)
  File "<frozen importlib._bootstrap_external>", line 843, in exec_module
  File "<frozen importlib._bootstrap>", line 219, in _call_with_frames_removed
  File "/opt/airflow/dags/my_first_dag.py", line 96, in <module>
    process = PythonOperator(
  File "/home/airflow/.local/lib/python3.8/site-packages/airflow/models/baseoperator.py", line 437, in apply_defaults
    result = func(self, **kwargs, default_args=default_args)
  File "/home/airflow/.local/lib/python3.8/site-packages/airflow/operators/python.py", line 179, in __init__
    raise AirflowException("`python_callable` param must be callable")
airflow.exceptions.AirflowException: `python_callable` param must be callable
[2026-03-12T13:24:41.570+0000] {processor.py:841} WARNING - No viable dags retrieved from /opt/airflow/dags/my_first_dag.py
[2026-03-12T13:24:41.587+0000] {processor.py:179} INFO - Processing /opt/airflow/dags/my_first_dag.py took 0.029 seconds
[2026-03-12T13:25:12.432+0000] {processor.py:157} INFO - Started process (PID=305) to work on /opt/airflow/dags/my_first_dag.py
[2026-03-12T13:25:12.433+0000] {processor.py:829} INFO - Processing file /opt/airflow/dags/my_first_dag.py for tasks to queue
[2026-03-12T13:25:12.433+0000] {logging_mixin.py:154} INFO - [2026-03-12T13:25:12.433+0000] {dagbag.py:536} INFO - Filling up the DagBag from /opt/airflow/dags/my_first_dag.py
[2026-03-12T13:25:12.439+0000] {logging_mixin.py:154} INFO - Processing data...
[2026-03-12T13:25:12.439+0000] {logging_mixin.py:154} INFO - Status: [SUCCESS], Records Processed: 100
[2026-03-12T13:25:12.441+0000] {logging_mixin.py:154} INFO - [2026-03-12T13:25:12.440+0000] {dagbag.py:346} ERROR - Failed to import: /opt/airflow/dags/my_first_dag.py
Traceback (most recent call last):
  File "/home/airflow/.local/lib/python3.8/site-packages/airflow/models/dagbag.py", line 342, in parse
    loader.exec_module(new_module)
  File "<frozen importlib._bootstrap_external>", line 843, in exec_module
  File "<frozen importlib._bootstrap>", line 219, in _call_with_frames_removed
  File "/opt/airflow/dags/my_first_dag.py", line 96, in <module>
    process = PythonOperator(
  File "/home/airflow/.local/lib/python3.8/site-packages/airflow/models/baseoperator.py", line 437, in apply_defaults
    result = func(self, **kwargs, default_args=default_args)
  File "/home/airflow/.local/lib/python3.8/site-packages/airflow/operators/python.py", line 179, in __init__
    raise AirflowException("`python_callable` param must be callable")
airflow.exceptions.AirflowException: `python_callable` param must be callable
[2026-03-12T13:25:12.441+0000] {processor.py:841} WARNING - No viable dags retrieved from /opt/airflow/dags/my_first_dag.py
[2026-03-12T13:25:12.460+0000] {processor.py:179} INFO - Processing /opt/airflow/dags/my_first_dag.py took 0.031 seconds
[2026-03-12T13:25:30.181+0000] {processor.py:157} INFO - Started process (PID=317) to work on /opt/airflow/dags/my_first_dag.py
[2026-03-12T13:25:30.183+0000] {processor.py:829} INFO - Processing file /opt/airflow/dags/my_first_dag.py for tasks to queue
[2026-03-12T13:25:30.183+0000] {logging_mixin.py:154} INFO - [2026-03-12T13:25:30.183+0000] {dagbag.py:536} INFO - Filling up the DagBag from /opt/airflow/dags/my_first_dag.py
[2026-03-12T13:25:30.186+0000] {logging_mixin.py:154} INFO - [2026-03-12T13:25:30.185+0000] {dagbag.py:346} ERROR - Failed to import: /opt/airflow/dags/my_first_dag.py
Traceback (most recent call last):
  File "/home/airflow/.local/lib/python3.8/site-packages/airflow/models/dagbag.py", line 342, in parse
    loader.exec_module(new_module)
  File "<frozen importlib._bootstrap_external>", line 839, in exec_module
  File "<frozen importlib._bootstrap_external>", line 976, in get_code
  File "<frozen importlib._bootstrap_external>", line 906, in source_to_code
  File "<frozen importlib._bootstrap>", line 219, in _call_with_frames_removed
  File "/opt/airflow/dags/my_first_dag.py", line 114
    end = PythonOperator(
    ^
IndentationError: unexpected indent
[2026-03-12T13:25:30.187+0000] {processor.py:841} WARNING - No viable dags retrieved from /opt/airflow/dags/my_first_dag.py
[2026-03-12T13:25:30.206+0000] {processor.py:179} INFO - Processing /opt/airflow/dags/my_first_dag.py took 0.029 seconds
[2026-03-12T13:25:47.005+0000] {processor.py:157} INFO - Started process (PID=322) to work on /opt/airflow/dags/my_first_dag.py
[2026-03-12T13:25:47.006+0000] {processor.py:829} INFO - Processing file /opt/airflow/dags/my_first_dag.py for tasks to queue
[2026-03-12T13:25:47.007+0000] {logging_mixin.py:154} INFO - [2026-03-12T13:25:47.006+0000] {dagbag.py:536} INFO - Filling up the DagBag from /opt/airflow/dags/my_first_dag.py
[2026-03-12T13:25:47.010+0000] {logging_mixin.py:154} INFO - [2026-03-12T13:25:47.009+0000] {dagbag.py:346} ERROR - Failed to import: /opt/airflow/dags/my_first_dag.py
Traceback (most recent call last):
  File "/home/airflow/.local/lib/python3.8/site-packages/airflow/models/dagbag.py", line 342, in parse
    loader.exec_module(new_module)
  File "<frozen importlib._bootstrap_external>", line 839, in exec_module
  File "<frozen importlib._bootstrap_external>", line 976, in get_code
  File "<frozen importlib._bootstrap_external>", line 906, in source_to_code
  File "<frozen importlib._bootstrap>", line 219, in _call_with_frames_removed
  File "/opt/airflow/dags/my_first_dag.py", line 114
    end = PythonOperator(
    ^
IndentationError: unexpected indent
[2026-03-12T13:25:47.011+0000] {processor.py:841} WARNING - No viable dags retrieved from /opt/airflow/dags/my_first_dag.py
[2026-03-12T13:25:47.029+0000] {processor.py:179} INFO - Processing /opt/airflow/dags/my_first_dag.py took 0.027 seconds
[2026-03-12T13:26:02.132+0000] {processor.py:157} INFO - Started process (PID=334) to work on /opt/airflow/dags/my_first_dag.py
[2026-03-12T13:26:02.134+0000] {processor.py:829} INFO - Processing file /opt/airflow/dags/my_first_dag.py for tasks to queue
[2026-03-12T13:26:02.135+0000] {logging_mixin.py:154} INFO - [2026-03-12T13:26:02.134+0000] {dagbag.py:536} INFO - Filling up the DagBag from /opt/airflow/dags/my_first_dag.py
[2026-03-12T13:26:02.154+0000] {processor.py:839} INFO - DAG(s) dict_keys(['my_first_pipeline']) retrieved from /opt/airflow/dags/my_first_dag.py
[2026-03-12T13:26:02.336+0000] {logging_mixin.py:154} INFO - [2026-03-12T13:26:02.335+0000] {manager.py:499} INFO - Created Permission View: %s
[2026-03-12T13:26:02.346+0000] {logging_mixin.py:154} INFO - [2026-03-12T13:26:02.346+0000] {manager.py:499} INFO - Created Permission View: %s
[2026-03-12T13:26:02.353+0000] {logging_mixin.py:154} INFO - [2026-03-12T13:26:02.353+0000] {manager.py:499} INFO - Created Permission View: %s
[2026-03-12T13:26:02.354+0000] {logging_mixin.py:154} INFO - [2026-03-12T13:26:02.354+0000] {dag.py:2941} INFO - Sync 1 DAGs
[2026-03-12T13:26:02.364+0000] {logging_mixin.py:154} INFO - [2026-03-12T13:26:02.363+0000] {dag.py:2963} INFO - Creating ORM DAG for my_first_pipeline
[2026-03-12T13:26:02.364+0000] {logging_mixin.py:154} INFO - [2026-03-12T13:26:02.364+0000] {dag.py:3722} INFO - Setting next_dagrun for my_first_pipeline to None, run_after=None
[2026-03-12T13:26:02.384+0000] {processor.py:179} INFO - Processing /opt/airflow/dags/my_first_dag.py took 0.256 seconds
[2026-03-12T13:26:03.425+0000] {processor.py:157} INFO - Started process (PID=339) to work on /opt/airflow/dags/my_first_dag.py
[2026-03-12T13:26:03.426+0000] {processor.py:829} INFO - Processing file /opt/airflow/dags/my_first_dag.py for tasks to queue
[2026-03-12T13:26:03.427+0000] {logging_mixin.py:154} INFO - [2026-03-12T13:26:03.427+0000] {dagbag.py:536} INFO - Filling up the DagBag from /opt/airflow/dags/my_first_dag.py
[2026-03-12T13:26:03.439+0000] {processor.py:839} INFO - DAG(s) dict_keys(['my_first_pipeline']) retrieved from /opt/airflow/dags/my_first_dag.py
[2026-03-12T13:26:03.450+0000] {logging_mixin.py:154} INFO - [2026-03-12T13:26:03.450+0000] {dag.py:2941} INFO - Sync 1 DAGs
[2026-03-12T13:26:03.461+0000] {logging_mixin.py:154} INFO - [2026-03-12T13:26:03.461+0000] {dag.py:3722} INFO - Setting next_dagrun for my_first_pipeline to None, run_after=None
[2026-03-12T13:26:03.479+0000] {processor.py:179} INFO - Processing /opt/airflow/dags/my_first_dag.py took 0.060 seconds
[2026-03-12T13:26:34.335+0000] {processor.py:157} INFO - Started process (PID=351) to work on /opt/airflow/dags/my_first_dag.py
[2026-03-12T13:26:34.336+0000] {processor.py:829} INFO - Processing file /opt/airflow/dags/my_first_dag.py for tasks to queue
[2026-03-12T13:26:34.337+0000] {logging_mixin.py:154} INFO - [2026-03-12T13:26:34.336+0000] {dagbag.py:536} INFO - Filling up the DagBag from /opt/airflow/dags/my_first_dag.py
[2026-03-12T13:26:34.346+0000] {processor.py:839} INFO - DAG(s) dict_keys(['my_first_pipeline']) retrieved from /opt/airflow/dags/my_first_dag.py
[2026-03-12T13:26:34.374+0000] {logging_mixin.py:154} INFO - [2026-03-12T13:26:34.373+0000] {dag.py:2941} INFO - Sync 1 DAGs
[2026-03-12T13:26:34.386+0000] {logging_mixin.py:154} INFO - [2026-03-12T13:26:34.386+0000] {dag.py:3722} INFO - Setting next_dagrun for my_first_pipeline to None, run_after=None
[2026-03-12T13:26:34.404+0000] {processor.py:179} INFO - Processing /opt/airflow/dags/my_first_dag.py took 0.072 seconds
[2026-03-12T13:27:05.252+0000] {processor.py:157} INFO - Started process (PID=374) to work on /opt/airflow/dags/my_first_dag.py
[2026-03-12T13:27:05.253+0000] {processor.py:829} INFO - Processing file /opt/airflow/dags/my_first_dag.py for tasks to queue
[2026-03-12T13:27:05.253+0000] {logging_mixin.py:154} INFO - [2026-03-12T13:27:05.253+0000] {dagbag.py:536} INFO - Filling up the DagBag from /opt/airflow/dags/my_first_dag.py
[2026-03-12T13:27:05.262+0000] {processor.py:839} INFO - DAG(s) dict_keys(['my_first_pipeline']) retrieved from /opt/airflow/dags/my_first_dag.py
[2026-03-12T13:27:05.281+0000] {logging_mixin.py:154} INFO - [2026-03-12T13:27:05.281+0000] {dag.py:2941} INFO - Sync 1 DAGs
[2026-03-12T13:27:05.290+0000] {logging_mixin.py:154} INFO - [2026-03-12T13:27:05.290+0000] {dag.py:3722} INFO - Setting next_dagrun for my_first_pipeline to None, run_after=None
[2026-03-12T13:27:05.303+0000] {processor.py:179} INFO - Processing /opt/airflow/dags/my_first_dag.py took 0.054 seconds
[2026-03-12T13:27:36.099+0000] {processor.py:157} INFO - Started process (PID=386) to work on /opt/airflow/dags/my_first_dag.py
[2026-03-12T13:27:36.100+0000] {processor.py:829} INFO - Processing file /opt/airflow/dags/my_first_dag.py for tasks to queue
[2026-03-12T13:27:36.101+0000] {logging_mixin.py:154} INFO - [2026-03-12T13:27:36.101+0000] {dagbag.py:536} INFO - Filling up the DagBag from /opt/airflow/dags/my_first_dag.py
[2026-03-12T13:27:36.110+0000] {processor.py:839} INFO - DAG(s) dict_keys(['my_first_pipeline']) retrieved from /opt/airflow/dags/my_first_dag.py
[2026-03-12T13:27:36.133+0000] {logging_mixin.py:154} INFO - [2026-03-12T13:27:36.133+0000] {dag.py:2941} INFO - Sync 1 DAGs
[2026-03-12T13:27:36.144+0000] {logging_mixin.py:154} INFO - [2026-03-12T13:27:36.144+0000] {dag.py:3722} INFO - Setting next_dagrun for my_first_pipeline to None, run_after=None
[2026-03-12T13:27:36.158+0000] {processor.py:179} INFO - Processing /opt/airflow/dags/my_first_dag.py took 0.062 seconds
[2026-03-12T13:28:06.927+0000] {processor.py:157} INFO - Started process (PID=398) to work on /opt/airflow/dags/my_first_dag.py
[2026-03-12T13:28:06.928+0000] {processor.py:829} INFO - Processing file /opt/airflow/dags/my_first_dag.py for tasks to queue
[2026-03-12T13:28:06.929+0000] {logging_mixin.py:154} INFO - [2026-03-12T13:28:06.929+0000] {dagbag.py:536} INFO - Filling up the DagBag from /opt/airflow/dags/my_first_dag.py
[2026-03-12T13:28:06.942+0000] {processor.py:839} INFO - DAG(s) dict_keys(['my_first_pipeline']) retrieved from /opt/airflow/dags/my_first_dag.py
[2026-03-12T13:28:06.969+0000] {logging_mixin.py:154} INFO - [2026-03-12T13:28:06.968+0000] {dag.py:2941} INFO - Sync 1 DAGs
[2026-03-12T13:28:06.979+0000] {logging_mixin.py:154} INFO - [2026-03-12T13:28:06.979+0000] {dag.py:3722} INFO - Setting next_dagrun for my_first_pipeline to None, run_after=None
[2026-03-12T13:28:06.995+0000] {processor.py:179} INFO - Processing /opt/airflow/dags/my_first_dag.py took 0.072 seconds
[2026-03-12T13:28:37.839+0000] {processor.py:157} INFO - Started process (PID=410) to work on /opt/airflow/dags/my_first_dag.py
[2026-03-12T13:28:37.840+0000] {processor.py:829} INFO - Processing file /opt/airflow/dags/my_first_dag.py for tasks to queue
[2026-03-12T13:28:37.841+0000] {logging_mixin.py:154} INFO - [2026-03-12T13:28:37.840+0000] {dagbag.py:536} INFO - Filling up the DagBag from /opt/airflow/dags/my_first_dag.py
[2026-03-12T13:28:37.851+0000] {processor.py:839} INFO - DAG(s) dict_keys(['my_first_pipeline']) retrieved from /opt/airflow/dags/my_first_dag.py
[2026-03-12T13:28:37.873+0000] {logging_mixin.py:154} INFO - [2026-03-12T13:28:37.873+0000] {dag.py:2941} INFO - Sync 1 DAGs
[2026-03-12T13:28:37.885+0000] {logging_mixin.py:154} INFO - [2026-03-12T13:28:37.885+0000] {dag.py:3722} INFO - Setting next_dagrun for my_first_pipeline to None, run_after=None
[2026-03-12T13:28:37.901+0000] {processor.py:179} INFO - Processing /opt/airflow/dags/my_first_dag.py took 0.065 seconds
[2026-03-12T13:29:08.434+0000] {processor.py:157} INFO - Started process (PID=422) to work on /opt/airflow/dags/my_first_dag.py
[2026-03-12T13:29:08.435+0000] {processor.py:829} INFO - Processing file /opt/airflow/dags/my_first_dag.py for tasks to queue
[2026-03-12T13:29:08.437+0000] {logging_mixin.py:154} INFO - [2026-03-12T13:29:08.436+0000] {dagbag.py:536} INFO - Filling up the DagBag from /opt/airflow/dags/my_first_dag.py
[2026-03-12T13:29:08.449+0000] {processor.py:839} INFO - DAG(s) dict_keys(['my_first_pipeline']) retrieved from /opt/airflow/dags/my_first_dag.py
[2026-03-12T13:29:08.476+0000] {logging_mixin.py:154} INFO - [2026-03-12T13:29:08.476+0000] {dag.py:2941} INFO - Sync 1 DAGs
[2026-03-12T13:29:08.487+0000] {logging_mixin.py:154} INFO - [2026-03-12T13:29:08.487+0000] {dag.py:3722} INFO - Setting next_dagrun for my_first_pipeline to None, run_after=None
[2026-03-12T13:29:08.504+0000] {processor.py:179} INFO - Processing /opt/airflow/dags/my_first_dag.py took 0.074 seconds
[2026-03-12T13:29:39.292+0000] {processor.py:157} INFO - Started process (PID=434) to work on /opt/airflow/dags/my_first_dag.py
[2026-03-12T13:29:39.293+0000] {processor.py:829} INFO - Processing file /opt/airflow/dags/my_first_dag.py for tasks to queue
[2026-03-12T13:29:39.294+0000] {logging_mixin.py:154} INFO - [2026-03-12T13:29:39.294+0000] {dagbag.py:536} INFO - Filling up the DagBag from /opt/airflow/dags/my_first_dag.py
[2026-03-12T13:29:39.304+0000] {processor.py:839} INFO - DAG(s) dict_keys(['my_first_pipeline']) retrieved from /opt/airflow/dags/my_first_dag.py
[2026-03-12T13:29:39.326+0000] {logging_mixin.py:154} INFO - [2026-03-12T13:29:39.326+0000] {dag.py:2941} INFO - Sync 1 DAGs
[2026-03-12T13:29:39.336+0000] {logging_mixin.py:154} INFO - [2026-03-12T13:29:39.336+0000] {dag.py:3722} INFO - Setting next_dagrun for my_first_pipeline to None, run_after=None
[2026-03-12T13:29:39.356+0000] {processor.py:179} INFO - Processing /opt/airflow/dags/my_first_dag.py took 0.067 seconds
[2026-03-12T13:30:10.265+0000] {processor.py:157} INFO - Started process (PID=446) to work on /opt/airflow/dags/my_first_dag.py
[2026-03-12T13:30:10.267+0000] {processor.py:829} INFO - Processing file /opt/airflow/dags/my_first_dag.py for tasks to queue
[2026-03-12T13:30:10.267+0000] {logging_mixin.py:154} INFO - [2026-03-12T13:30:10.267+0000] {dagbag.py:536} INFO - Filling up the DagBag from /opt/airflow/dags/my_first_dag.py
[2026-03-12T13:30:10.280+0000] {processor.py:839} INFO - DAG(s) dict_keys(['my_first_pipeline']) retrieved from /opt/airflow/dags/my_first_dag.py
[2026-03-12T13:30:10.305+0000] {logging_mixin.py:154} INFO - [2026-03-12T13:30:10.305+0000] {dag.py:2941} INFO - Sync 1 DAGs
[2026-03-12T13:30:10.316+0000] {logging_mixin.py:154} INFO - [2026-03-12T13:30:10.316+0000] {dag.py:3722} INFO - Setting next_dagrun for my_first_pipeline to None, run_after=None
[2026-03-12T13:30:10.332+0000] {processor.py:179} INFO - Processing /opt/airflow/dags/my_first_dag.py took 0.069 seconds
[2026-03-12T13:30:41.315+0000] {processor.py:157} INFO - Started process (PID=458) to work on /opt/airflow/dags/my_first_dag.py
[2026-03-12T13:30:41.316+0000] {processor.py:829} INFO - Processing file /opt/airflow/dags/my_first_dag.py for tasks to queue
[2026-03-12T13:30:41.317+0000] {logging_mixin.py:154} INFO - [2026-03-12T13:30:41.317+0000] {dagbag.py:536} INFO - Filling up the DagBag from /opt/airflow/dags/my_first_dag.py
[2026-03-12T13:30:41.328+0000] {processor.py:839} INFO - DAG(s) dict_keys(['my_first_pipeline']) retrieved from /opt/airflow/dags/my_first_dag.py
[2026-03-12T13:30:41.352+0000] {logging_mixin.py:154} INFO - [2026-03-12T13:30:41.352+0000] {dag.py:2941} INFO - Sync 1 DAGs
[2026-03-12T13:30:41.363+0000] {logging_mixin.py:154} INFO - [2026-03-12T13:30:41.363+0000] {dag.py:3722} INFO - Setting next_dagrun for my_first_pipeline to None, run_after=None
[2026-03-12T13:30:41.378+0000] {processor.py:179} INFO - Processing /opt/airflow/dags/my_first_dag.py took 0.066 seconds
[2026-03-12T13:31:12.299+0000] {processor.py:157} INFO - Started process (PID=477) to work on /opt/airflow/dags/my_first_dag.py
[2026-03-12T13:31:12.301+0000] {processor.py:829} INFO - Processing file /opt/airflow/dags/my_first_dag.py for tasks to queue
[2026-03-12T13:31:12.301+0000] {logging_mixin.py:154} INFO - [2026-03-12T13:31:12.301+0000] {dagbag.py:536} INFO - Filling up the DagBag from /opt/airflow/dags/my_first_dag.py
[2026-03-12T13:31:12.313+0000] {processor.py:839} INFO - DAG(s) dict_keys(['my_first_pipeline']) retrieved from /opt/airflow/dags/my_first_dag.py
[2026-03-12T13:31:12.338+0000] {logging_mixin.py:154} INFO - [2026-03-12T13:31:12.338+0000] {dag.py:2941} INFO - Sync 1 DAGs
[2026-03-12T13:31:12.350+0000] {logging_mixin.py:154} INFO - [2026-03-12T13:31:12.350+0000] {dag.py:3722} INFO - Setting next_dagrun for my_first_pipeline to None, run_after=None
[2026-03-12T13:31:12.366+0000] {processor.py:179} INFO - Processing /opt/airflow/dags/my_first_dag.py took 0.070 seconds
[2026-03-12T13:31:43.165+0000] {processor.py:157} INFO - Started process (PID=489) to work on /opt/airflow/dags/my_first_dag.py
[2026-03-12T13:31:43.166+0000] {processor.py:829} INFO - Processing file /opt/airflow/dags/my_first_dag.py for tasks to queue
[2026-03-12T13:31:43.167+0000] {logging_mixin.py:154} INFO - [2026-03-12T13:31:43.167+0000] {dagbag.py:536} INFO - Filling up the DagBag from /opt/airflow/dags/my_first_dag.py
[2026-03-12T13:31:43.178+0000] {processor.py:839} INFO - DAG(s) dict_keys(['my_first_pipeline']) retrieved from /opt/airflow/dags/my_first_dag.py
[2026-03-12T13:31:43.204+0000] {logging_mixin.py:154} INFO - [2026-03-12T13:31:43.204+0000] {dag.py:2941} INFO - Sync 1 DAGs
[2026-03-12T13:31:43.215+0000] {logging_mixin.py:154} INFO - [2026-03-12T13:31:43.215+0000] {dag.py:3722} INFO - Setting next_dagrun for my_first_pipeline to None, run_after=None
[2026-03-12T13:31:43.230+0000] {processor.py:179} INFO - Processing /opt/airflow/dags/my_first_dag.py took 0.068 seconds
[2026-03-12T13:32:14.088+0000] {processor.py:157} INFO - Started process (PID=501) to work on /opt/airflow/dags/my_first_dag.py
[2026-03-12T13:32:14.090+0000] {processor.py:829} INFO - Processing file /opt/airflow/dags/my_first_dag.py for tasks to queue
[2026-03-12T13:32:14.090+0000] {logging_mixin.py:154} INFO - [2026-03-12T13:32:14.090+0000] {dagbag.py:536} INFO - Filling up the DagBag from /opt/airflow/dags/my_first_dag.py
[2026-03-12T13:32:14.100+0000] {processor.py:839} INFO - DAG(s) dict_keys(['my_first_pipeline']) retrieved from /opt/airflow/dags/my_first_dag.py
[2026-03-12T13:32:14.124+0000] {logging_mixin.py:154} INFO - [2026-03-12T13:32:14.124+0000] {dag.py:2941} INFO - Sync 1 DAGs
[2026-03-12T13:32:14.136+0000] {logging_mixin.py:154} INFO - [2026-03-12T13:32:14.136+0000] {dag.py:3722} INFO - Setting next_dagrun for my_first_pipeline to None, run_after=None
[2026-03-12T13:32:14.153+0000] {processor.py:179} INFO - Processing /opt/airflow/dags/my_first_dag.py took 0.068 seconds
[2026-03-12T13:32:45.018+0000] {processor.py:157} INFO - Started process (PID=513) to work on /opt/airflow/dags/my_first_dag.py
[2026-03-12T13:32:45.019+0000] {processor.py:829} INFO - Processing file /opt/airflow/dags/my_first_dag.py for tasks to queue
[2026-03-12T13:32:45.020+0000] {logging_mixin.py:154} INFO - [2026-03-12T13:32:45.020+0000] {dagbag.py:536} INFO - Filling up the DagBag from /opt/airflow/dags/my_first_dag.py
[2026-03-12T13:32:45.030+0000] {processor.py:839} INFO - DAG(s) dict_keys(['my_first_pipeline']) retrieved from /opt/airflow/dags/my_first_dag.py
[2026-03-12T13:32:45.053+0000] {logging_mixin.py:154} INFO - [2026-03-12T13:32:45.053+0000] {dag.py:2941} INFO - Sync 1 DAGs
[2026-03-12T13:32:45.065+0000] {logging_mixin.py:154} INFO - [2026-03-12T13:32:45.065+0000] {dag.py:3722} INFO - Setting next_dagrun for my_first_pipeline to None, run_after=None
[2026-03-12T13:32:45.080+0000] {processor.py:179} INFO - Processing /opt/airflow/dags/my_first_dag.py took 0.065 seconds
[2026-03-12T13:33:15.903+0000] {processor.py:157} INFO - Started process (PID=525) to work on /opt/airflow/dags/my_first_dag.py
[2026-03-12T13:33:15.904+0000] {processor.py:829} INFO - Processing file /opt/airflow/dags/my_first_dag.py for tasks to queue
[2026-03-12T13:33:15.905+0000] {logging_mixin.py:154} INFO - [2026-03-12T13:33:15.904+0000] {dagbag.py:536} INFO - Filling up the DagBag from /opt/airflow/dags/my_first_dag.py
[2026-03-12T13:33:15.914+0000] {processor.py:839} INFO - DAG(s) dict_keys(['my_first_pipeline']) retrieved from /opt/airflow/dags/my_first_dag.py
[2026-03-12T13:33:15.937+0000] {logging_mixin.py:154} INFO - [2026-03-12T13:33:15.937+0000] {dag.py:2941} INFO - Sync 1 DAGs
[2026-03-12T13:33:15.947+0000] {logging_mixin.py:154} INFO - [2026-03-12T13:33:15.947+0000] {dag.py:3722} INFO - Setting next_dagrun for my_first_pipeline to None, run_after=None
[2026-03-12T13:33:15.960+0000] {processor.py:179} INFO - Processing /opt/airflow/dags/my_first_dag.py took 0.062 seconds
[2026-03-12T13:33:46.776+0000] {processor.py:157} INFO - Started process (PID=537) to work on /opt/airflow/dags/my_first_dag.py
[2026-03-12T13:33:46.777+0000] {processor.py:829} INFO - Processing file /opt/airflow/dags/my_first_dag.py for tasks to queue
[2026-03-12T13:33:46.777+0000] {logging_mixin.py:154} INFO - [2026-03-12T13:33:46.777+0000] {dagbag.py:536} INFO - Filling up the DagBag from /opt/airflow/dags/my_first_dag.py
[2026-03-12T13:33:46.785+0000] {processor.py:839} INFO - DAG(s) dict_keys(['my_first_pipeline']) retrieved from /opt/airflow/dags/my_first_dag.py
[2026-03-12T13:33:46.805+0000] {logging_mixin.py:154} INFO - [2026-03-12T13:33:46.805+0000] {dag.py:2941} INFO - Sync 1 DAGs
[2026-03-12T13:33:46.816+0000] {logging_mixin.py:154} INFO - [2026-03-12T13:33:46.815+0000] {dag.py:3722} INFO - Setting next_dagrun for my_first_pipeline to None, run_after=None
[2026-03-12T13:33:46.830+0000] {processor.py:179} INFO - Processing /opt/airflow/dags/my_first_dag.py took 0.057 seconds
[2026-03-12T13:34:17.651+0000] {processor.py:157} INFO - Started process (PID=549) to work on /opt/airflow/dags/my_first_dag.py
[2026-03-12T13:34:17.652+0000] {processor.py:829} INFO - Processing file /opt/airflow/dags/my_first_dag.py for tasks to queue
[2026-03-12T13:34:17.652+0000] {logging_mixin.py:154} INFO - [2026-03-12T13:34:17.652+0000] {dagbag.py:536} INFO - Filling up the DagBag from /opt/airflow/dags/my_first_dag.py
[2026-03-12T13:34:17.662+0000] {processor.py:839} INFO - DAG(s) dict_keys(['my_first_pipeline']) retrieved from /opt/airflow/dags/my_first_dag.py
[2026-03-12T13:34:17.684+0000] {logging_mixin.py:154} INFO - [2026-03-12T13:34:17.684+0000] {dag.py:2941} INFO - Sync 1 DAGs
[2026-03-12T13:34:17.694+0000] {logging_mixin.py:154} INFO - [2026-03-12T13:34:17.694+0000] {dag.py:3722} INFO - Setting next_dagrun for my_first_pipeline to None, run_after=None
[2026-03-12T13:34:17.708+0000] {processor.py:179} INFO - Processing /opt/airflow/dags/my_first_dag.py took 0.060 seconds
[2026-03-12T13:34:48.538+0000] {processor.py:157} INFO - Started process (PID=561) to work on /opt/airflow/dags/my_first_dag.py
[2026-03-12T13:34:48.539+0000] {processor.py:829} INFO - Processing file /opt/airflow/dags/my_first_dag.py for tasks to queue
[2026-03-12T13:34:48.539+0000] {logging_mixin.py:154} INFO - [2026-03-12T13:34:48.539+0000] {dagbag.py:536} INFO - Filling up the DagBag from /opt/airflow/dags/my_first_dag.py
[2026-03-12T13:34:48.550+0000] {processor.py:839} INFO - DAG(s) dict_keys(['my_first_pipeline']) retrieved from /opt/airflow/dags/my_first_dag.py
[2026-03-12T13:34:48.575+0000] {logging_mixin.py:154} INFO - [2026-03-12T13:34:48.574+0000] {dag.py:2941} INFO - Sync 1 DAGs
[2026-03-12T13:34:48.585+0000] {logging_mixin.py:154} INFO - [2026-03-12T13:34:48.585+0000] {dag.py:3722} INFO - Setting next_dagrun for my_first_pipeline to None, run_after=None
[2026-03-12T13:34:48.601+0000] {processor.py:179} INFO - Processing /opt/airflow/dags/my_first_dag.py took 0.066 seconds
[2026-03-12T13:35:19.393+0000] {processor.py:157} INFO - Started process (PID=573) to work on /opt/airflow/dags/my_first_dag.py
[2026-03-12T13:35:19.394+0000] {processor.py:829} INFO - Processing file /opt/airflow/dags/my_first_dag.py for tasks to queue
[2026-03-12T13:35:19.395+0000] {logging_mixin.py:154} INFO - [2026-03-12T13:35:19.395+0000] {dagbag.py:536} INFO - Filling up the DagBag from /opt/airflow/dags/my_first_dag.py
[2026-03-12T13:35:19.406+0000] {processor.py:839} INFO - DAG(s) dict_keys(['my_first_pipeline']) retrieved from /opt/airflow/dags/my_first_dag.py
[2026-03-12T13:35:19.427+0000] {logging_mixin.py:154} INFO - [2026-03-12T13:35:19.427+0000] {dag.py:2941} INFO - Sync 1 DAGs
[2026-03-12T13:35:19.437+0000] {logging_mixin.py:154} INFO - [2026-03-12T13:35:19.437+0000] {dag.py:3722} INFO - Setting next_dagrun for my_first_pipeline to None, run_after=None
[2026-03-12T13:35:19.450+0000] {processor.py:179} INFO - Processing /opt/airflow/dags/my_first_dag.py took 0.060 seconds
[2026-03-12T13:35:49.989+0000] {processor.py:157} INFO - Started process (PID=585) to work on /opt/airflow/dags/my_first_dag.py
[2026-03-12T13:35:49.991+0000] {processor.py:829} INFO - Processing file /opt/airflow/dags/my_first_dag.py for tasks to queue
[2026-03-12T13:35:49.992+0000] {logging_mixin.py:154} INFO - [2026-03-12T13:35:49.992+0000] {dagbag.py:536} INFO - Filling up the DagBag from /opt/airflow/dags/my_first_dag.py
[2026-03-12T13:35:50.002+0000] {processor.py:839} INFO - DAG(s) dict_keys(['my_first_pipeline']) retrieved from /opt/airflow/dags/my_first_dag.py
[2026-03-12T13:35:50.027+0000] {logging_mixin.py:154} INFO - [2026-03-12T13:35:50.026+0000] {dag.py:2941} INFO - Sync 1 DAGs
[2026-03-12T13:35:50.037+0000] {logging_mixin.py:154} INFO - [2026-03-12T13:35:50.037+0000] {dag.py:3722} INFO - Setting next_dagrun for my_first_pipeline to None, run_after=None
[2026-03-12T13:35:50.052+0000] {processor.py:179} INFO - Processing /opt/airflow/dags/my_first_dag.py took 0.069 seconds
[2026-03-12T13:36:20.919+0000] {processor.py:157} INFO - Started process (PID=598) to work on /opt/airflow/dags/my_first_dag.py
[2026-03-12T13:36:20.920+0000] {processor.py:829} INFO - Processing file /opt/airflow/dags/my_first_dag.py for tasks to queue
[2026-03-12T13:36:20.921+0000] {logging_mixin.py:154} INFO - [2026-03-12T13:36:20.920+0000] {dagbag.py:536} INFO - Filling up the DagBag from /opt/airflow/dags/my_first_dag.py
[2026-03-12T13:36:20.933+0000] {processor.py:839} INFO - DAG(s) dict_keys(['my_first_pipeline']) retrieved from /opt/airflow/dags/my_first_dag.py
[2026-03-12T13:36:20.956+0000] {logging_mixin.py:154} INFO - [2026-03-12T13:36:20.956+0000] {dag.py:2941} INFO - Sync 1 DAGs
[2026-03-12T13:36:20.966+0000] {logging_mixin.py:154} INFO - [2026-03-12T13:36:20.966+0000] {dag.py:3722} INFO - Setting next_dagrun for my_first_pipeline to None, run_after=None
[2026-03-12T13:36:20.981+0000] {processor.py:179} INFO - Processing /opt/airflow/dags/my_first_dag.py took 0.067 seconds
[2026-03-12T13:36:51.852+0000] {processor.py:157} INFO - Started process (PID=610) to work on /opt/airflow/dags/my_first_dag.py
[2026-03-12T13:36:51.853+0000] {processor.py:829} INFO - Processing file /opt/airflow/dags/my_first_dag.py for tasks to queue
[2026-03-12T13:36:51.854+0000] {logging_mixin.py:154} INFO - [2026-03-12T13:36:51.854+0000] {dagbag.py:536} INFO - Filling up the DagBag from /opt/airflow/dags/my_first_dag.py
[2026-03-12T13:36:51.865+0000] {processor.py:839} INFO - DAG(s) dict_keys(['my_first_pipeline']) retrieved from /opt/airflow/dags/my_first_dag.py
[2026-03-12T13:36:51.890+0000] {logging_mixin.py:154} INFO - [2026-03-12T13:36:51.890+0000] {dag.py:2941} INFO - Sync 1 DAGs
[2026-03-12T13:36:51.902+0000] {logging_mixin.py:154} INFO - [2026-03-12T13:36:51.902+0000] {dag.py:3722} INFO - Setting next_dagrun for my_first_pipeline to None, run_after=None
[2026-03-12T13:36:51.919+0000] {processor.py:179} INFO - Processing /opt/airflow/dags/my_first_dag.py took 0.070 seconds
[2026-03-12T13:37:22.730+0000] {processor.py:157} INFO - Started process (PID=622) to work on /opt/airflow/dags/my_first_dag.py
[2026-03-12T13:37:22.731+0000] {processor.py:829} INFO - Processing file /opt/airflow/dags/my_first_dag.py for tasks to queue
[2026-03-12T13:37:22.732+0000] {logging_mixin.py:154} INFO - [2026-03-12T13:37:22.731+0000] {dagbag.py:536} INFO - Filling up the DagBag from /opt/airflow/dags/my_first_dag.py
[2026-03-12T13:37:22.743+0000] {processor.py:839} INFO - DAG(s) dict_keys(['my_first_pipeline']) retrieved from /opt/airflow/dags/my_first_dag.py
[2026-03-12T13:37:22.766+0000] {logging_mixin.py:154} INFO - [2026-03-12T13:37:22.766+0000] {dag.py:2941} INFO - Sync 1 DAGs
[2026-03-12T13:37:22.786+0000] {logging_mixin.py:154} INFO - [2026-03-12T13:37:22.786+0000] {dag.py:3722} INFO - Setting next_dagrun for my_first_pipeline to None, run_after=None
[2026-03-12T13:37:22.803+0000] {processor.py:179} INFO - Processing /opt/airflow/dags/my_first_dag.py took 0.075 seconds
[2026-03-12T13:37:53.636+0000] {processor.py:157} INFO - Started process (PID=634) to work on /opt/airflow/dags/my_first_dag.py
[2026-03-12T13:37:53.637+0000] {processor.py:829} INFO - Processing file /opt/airflow/dags/my_first_dag.py for tasks to queue
[2026-03-12T13:37:53.638+0000] {logging_mixin.py:154} INFO - [2026-03-12T13:37:53.638+0000] {dagbag.py:536} INFO - Filling up the DagBag from /opt/airflow/dags/my_first_dag.py
[2026-03-12T13:37:53.647+0000] {processor.py:839} INFO - DAG(s) dict_keys(['my_first_pipeline']) retrieved from /opt/airflow/dags/my_first_dag.py
[2026-03-12T13:37:53.671+0000] {logging_mixin.py:154} INFO - [2026-03-12T13:37:53.671+0000] {dag.py:2941} INFO - Sync 1 DAGs
[2026-03-12T13:37:53.682+0000] {logging_mixin.py:154} INFO - [2026-03-12T13:37:53.682+0000] {dag.py:3722} INFO - Setting next_dagrun for my_first_pipeline to None, run_after=None
[2026-03-12T13:37:53.698+0000] {processor.py:179} INFO - Processing /opt/airflow/dags/my_first_dag.py took 0.065 seconds
[2026-03-12T13:38:24.488+0000] {processor.py:157} INFO - Started process (PID=653) to work on /opt/airflow/dags/my_first_dag.py
[2026-03-12T13:38:24.489+0000] {processor.py:829} INFO - Processing file /opt/airflow/dags/my_first_dag.py for tasks to queue
[2026-03-12T13:38:24.489+0000] {logging_mixin.py:154} INFO - [2026-03-12T13:38:24.489+0000] {dagbag.py:536} INFO - Filling up the DagBag from /opt/airflow/dags/my_first_dag.py
[2026-03-12T13:38:24.501+0000] {processor.py:839} INFO - DAG(s) dict_keys(['my_first_pipeline']) retrieved from /opt/airflow/dags/my_first_dag.py
[2026-03-12T13:38:24.529+0000] {logging_mixin.py:154} INFO - [2026-03-12T13:38:24.529+0000] {dag.py:2941} INFO - Sync 1 DAGs
[2026-03-12T13:38:24.542+0000] {logging_mixin.py:154} INFO - [2026-03-12T13:38:24.542+0000] {dag.py:3722} INFO - Setting next_dagrun for my_first_pipeline to None, run_after=None
[2026-03-12T13:38:24.561+0000] {processor.py:179} INFO - Processing /opt/airflow/dags/my_first_dag.py took 0.076 seconds
[2026-03-12T13:38:55.423+0000] {processor.py:157} INFO - Started process (PID=666) to work on /opt/airflow/dags/my_first_dag.py
[2026-03-12T13:38:55.424+0000] {processor.py:829} INFO - Processing file /opt/airflow/dags/my_first_dag.py for tasks to queue
[2026-03-12T13:38:55.425+0000] {logging_mixin.py:154} INFO - [2026-03-12T13:38:55.425+0000] {dagbag.py:536} INFO - Filling up the DagBag from /opt/airflow/dags/my_first_dag.py
[2026-03-12T13:38:55.436+0000] {processor.py:839} INFO - DAG(s) dict_keys(['my_first_pipeline']) retrieved from /opt/airflow/dags/my_first_dag.py
[2026-03-12T13:38:55.458+0000] {logging_mixin.py:154} INFO - [2026-03-12T13:38:55.458+0000] {dag.py:2941} INFO - Sync 1 DAGs
[2026-03-12T13:38:55.469+0000] {logging_mixin.py:154} INFO - [2026-03-12T13:38:55.469+0000] {dag.py:3722} INFO - Setting next_dagrun for my_first_pipeline to None, run_after=None
[2026-03-12T13:38:55.490+0000] {processor.py:179} INFO - Processing /opt/airflow/dags/my_first_dag.py took 0.069 seconds
[2026-03-12T13:39:26.319+0000] {processor.py:157} INFO - Started process (PID=678) to work on /opt/airflow/dags/my_first_dag.py
[2026-03-12T13:39:26.320+0000] {processor.py:829} INFO - Processing file /opt/airflow/dags/my_first_dag.py for tasks to queue
[2026-03-12T13:39:26.321+0000] {logging_mixin.py:154} INFO - [2026-03-12T13:39:26.320+0000] {dagbag.py:536} INFO - Filling up the DagBag from /opt/airflow/dags/my_first_dag.py
[2026-03-12T13:39:26.330+0000] {processor.py:839} INFO - DAG(s) dict_keys(['my_first_pipeline']) retrieved from /opt/airflow/dags/my_first_dag.py
[2026-03-12T13:39:26.352+0000] {logging_mixin.py:154} INFO - [2026-03-12T13:39:26.352+0000] {dag.py:2941} INFO - Sync 1 DAGs
[2026-03-12T13:39:26.363+0000] {logging_mixin.py:154} INFO - [2026-03-12T13:39:26.362+0000] {dag.py:3722} INFO - Setting next_dagrun for my_first_pipeline to None, run_after=None
[2026-03-12T13:39:26.377+0000] {processor.py:179} INFO - Processing /opt/airflow/dags/my_first_dag.py took 0.061 seconds
[2026-03-12T13:39:57.218+0000] {processor.py:157} INFO - Started process (PID=690) to work on /opt/airflow/dags/my_first_dag.py
[2026-03-12T13:39:57.219+0000] {processor.py:829} INFO - Processing file /opt/airflow/dags/my_first_dag.py for tasks to queue
[2026-03-12T13:39:57.220+0000] {logging_mixin.py:154} INFO - [2026-03-12T13:39:57.219+0000] {dagbag.py:536} INFO - Filling up the DagBag from /opt/airflow/dags/my_first_dag.py
[2026-03-12T13:39:57.230+0000] {processor.py:839} INFO - DAG(s) dict_keys(['my_first_pipeline']) retrieved from /opt/airflow/dags/my_first_dag.py
[2026-03-12T13:39:57.252+0000] {logging_mixin.py:154} INFO - [2026-03-12T13:39:57.251+0000] {dag.py:2941} INFO - Sync 1 DAGs
[2026-03-12T13:39:57.263+0000] {logging_mixin.py:154} INFO - [2026-03-12T13:39:57.263+0000] {dag.py:3722} INFO - Setting next_dagrun for my_first_pipeline to None, run_after=None
[2026-03-12T13:39:57.277+0000] {processor.py:179} INFO - Processing /opt/airflow/dags/my_first_dag.py took 0.062 seconds
[2026-03-12T13:40:28.065+0000] {processor.py:157} INFO - Started process (PID=703) to work on /opt/airflow/dags/my_first_dag.py
[2026-03-12T13:40:28.066+0000] {processor.py:829} INFO - Processing file /opt/airflow/dags/my_first_dag.py for tasks to queue
[2026-03-12T13:40:28.067+0000] {logging_mixin.py:154} INFO - [2026-03-12T13:40:28.067+0000] {dagbag.py:536} INFO - Filling up the DagBag from /opt/airflow/dags/my_first_dag.py
[2026-03-12T13:40:28.076+0000] {processor.py:839} INFO - DAG(s) dict_keys(['my_first_pipeline']) retrieved from /opt/airflow/dags/my_first_dag.py
[2026-03-12T13:40:28.101+0000] {logging_mixin.py:154} INFO - [2026-03-12T13:40:28.101+0000] {dag.py:2941} INFO - Sync 1 DAGs
[2026-03-12T13:40:28.112+0000] {logging_mixin.py:154} INFO - [2026-03-12T13:40:28.111+0000] {dag.py:3722} INFO - Setting next_dagrun for my_first_pipeline to None, run_after=None
[2026-03-12T13:40:28.126+0000] {processor.py:179} INFO - Processing /opt/airflow/dags/my_first_dag.py took 0.063 seconds
[2026-03-12T13:40:59.082+0000] {processor.py:157} INFO - Started process (PID=715) to work on /opt/airflow/dags/my_first_dag.py
[2026-03-12T13:40:59.083+0000] {processor.py:829} INFO - Processing file /opt/airflow/dags/my_first_dag.py for tasks to queue
[2026-03-12T13:40:59.083+0000] {logging_mixin.py:154} INFO - [2026-03-12T13:40:59.083+0000] {dagbag.py:536} INFO - Filling up the DagBag from /opt/airflow/dags/my_first_dag.py
[2026-03-12T13:40:59.092+0000] {processor.py:839} INFO - DAG(s) dict_keys(['my_first_pipeline']) retrieved from /opt/airflow/dags/my_first_dag.py
[2026-03-12T13:40:59.115+0000] {logging_mixin.py:154} INFO - [2026-03-12T13:40:59.115+0000] {dag.py:2941} INFO - Sync 1 DAGs
[2026-03-12T13:40:59.125+0000] {logging_mixin.py:154} INFO - [2026-03-12T13:40:59.125+0000] {dag.py:3722} INFO - Setting next_dagrun for my_first_pipeline to None, run_after=None
[2026-03-12T13:40:59.139+0000] {processor.py:179} INFO - Processing /opt/airflow/dags/my_first_dag.py took 0.060 seconds
[2026-03-12T13:41:29.955+0000] {processor.py:157} INFO - Started process (PID=727) to work on /opt/airflow/dags/my_first_dag.py
[2026-03-12T13:41:29.956+0000] {processor.py:829} INFO - Processing file /opt/airflow/dags/my_first_dag.py for tasks to queue
[2026-03-12T13:41:29.956+0000] {logging_mixin.py:154} INFO - [2026-03-12T13:41:29.956+0000] {dagbag.py:536} INFO - Filling up the DagBag from /opt/airflow/dags/my_first_dag.py
[2026-03-12T13:41:29.967+0000] {processor.py:839} INFO - DAG(s) dict_keys(['my_first_pipeline']) retrieved from /opt/airflow/dags/my_first_dag.py
[2026-03-12T13:41:30.005+0000] {logging_mixin.py:154} INFO - [2026-03-12T13:41:30.005+0000] {dag.py:2941} INFO - Sync 1 DAGs
[2026-03-12T13:41:30.022+0000] {logging_mixin.py:154} INFO - [2026-03-12T13:41:30.021+0000] {dag.py:3722} INFO - Setting next_dagrun for my_first_pipeline to None, run_after=None
[2026-03-12T13:41:30.042+0000] {processor.py:179} INFO - Processing /opt/airflow/dags/my_first_dag.py took 0.090 seconds
[2026-03-12T13:42:00.862+0000] {processor.py:157} INFO - Started process (PID=739) to work on /opt/airflow/dags/my_first_dag.py
[2026-03-12T13:42:00.864+0000] {processor.py:829} INFO - Processing file /opt/airflow/dags/my_first_dag.py for tasks to queue
[2026-03-12T13:42:00.864+0000] {logging_mixin.py:154} INFO - [2026-03-12T13:42:00.864+0000] {dagbag.py:536} INFO - Filling up the DagBag from /opt/airflow/dags/my_first_dag.py
[2026-03-12T13:42:00.877+0000] {processor.py:839} INFO - DAG(s) dict_keys(['my_first_pipeline']) retrieved from /opt/airflow/dags/my_first_dag.py
[2026-03-12T13:42:00.904+0000] {logging_mixin.py:154} INFO - [2026-03-12T13:42:00.904+0000] {dag.py:2941} INFO - Sync 1 DAGs
[2026-03-12T13:42:00.916+0000] {logging_mixin.py:154} INFO - [2026-03-12T13:42:00.916+0000] {dag.py:3722} INFO - Setting next_dagrun for my_first_pipeline to None, run_after=None
[2026-03-12T13:42:00.933+0000] {processor.py:179} INFO - Processing /opt/airflow/dags/my_first_dag.py took 0.074 seconds
[2026-03-12T13:42:31.405+0000] {processor.py:157} INFO - Started process (PID=751) to work on /opt/airflow/dags/my_first_dag.py
[2026-03-12T13:42:31.407+0000] {processor.py:829} INFO - Processing file /opt/airflow/dags/my_first_dag.py for tasks to queue
[2026-03-12T13:42:31.408+0000] {logging_mixin.py:154} INFO - [2026-03-12T13:42:31.408+0000] {dagbag.py:536} INFO - Filling up the DagBag from /opt/airflow/dags/my_first_dag.py
[2026-03-12T13:42:31.419+0000] {processor.py:839} INFO - DAG(s) dict_keys(['my_first_pipeline']) retrieved from /opt/airflow/dags/my_first_dag.py
[2026-03-12T13:42:31.443+0000] {logging_mixin.py:154} INFO - [2026-03-12T13:42:31.442+0000] {dag.py:2941} INFO - Sync 1 DAGs
[2026-03-12T13:42:31.454+0000] {logging_mixin.py:154} INFO - [2026-03-12T13:42:31.454+0000] {dag.py:3722} INFO - Setting next_dagrun for my_first_pipeline to None, run_after=None
[2026-03-12T13:42:31.467+0000] {processor.py:179} INFO - Processing /opt/airflow/dags/my_first_dag.py took 0.067 seconds
[2026-03-12T13:43:02.309+0000] {processor.py:157} INFO - Started process (PID=763) to work on /opt/airflow/dags/my_first_dag.py
[2026-03-12T13:43:02.310+0000] {processor.py:829} INFO - Processing file /opt/airflow/dags/my_first_dag.py for tasks to queue
[2026-03-12T13:43:02.311+0000] {logging_mixin.py:154} INFO - [2026-03-12T13:43:02.310+0000] {dagbag.py:536} INFO - Filling up the DagBag from /opt/airflow/dags/my_first_dag.py
[2026-03-12T13:43:02.319+0000] {processor.py:839} INFO - DAG(s) dict_keys(['my_first_pipeline']) retrieved from /opt/airflow/dags/my_first_dag.py
[2026-03-12T13:43:02.341+0000] {logging_mixin.py:154} INFO - [2026-03-12T13:43:02.341+0000] {dag.py:2941} INFO - Sync 1 DAGs
[2026-03-12T13:43:02.351+0000] {logging_mixin.py:154} INFO - [2026-03-12T13:43:02.351+0000] {dag.py:3722} INFO - Setting next_dagrun for my_first_pipeline to None, run_after=None
[2026-03-12T13:43:02.365+0000] {processor.py:179} INFO - Processing /opt/airflow/dags/my_first_dag.py took 0.060 seconds
[2026-03-12T13:43:33.213+0000] {processor.py:157} INFO - Started process (PID=775) to work on /opt/airflow/dags/my_first_dag.py
[2026-03-12T13:43:33.214+0000] {processor.py:829} INFO - Processing file /opt/airflow/dags/my_first_dag.py for tasks to queue
[2026-03-12T13:43:33.215+0000] {logging_mixin.py:154} INFO - [2026-03-12T13:43:33.215+0000] {dagbag.py:536} INFO - Filling up the DagBag from /opt/airflow/dags/my_first_dag.py
[2026-03-12T13:43:33.227+0000] {processor.py:839} INFO - DAG(s) dict_keys(['my_first_pipeline']) retrieved from /opt/airflow/dags/my_first_dag.py
[2026-03-12T13:43:33.250+0000] {logging_mixin.py:154} INFO - [2026-03-12T13:43:33.250+0000] {dag.py:2941} INFO - Sync 1 DAGs
[2026-03-12T13:43:33.264+0000] {logging_mixin.py:154} INFO - [2026-03-12T13:43:33.264+0000] {dag.py:3722} INFO - Setting next_dagrun for my_first_pipeline to None, run_after=None
[2026-03-12T13:43:33.278+0000] {processor.py:179} INFO - Processing /opt/airflow/dags/my_first_dag.py took 0.068 seconds
[2026-03-12T13:44:04.133+0000] {processor.py:157} INFO - Started process (PID=787) to work on /opt/airflow/dags/my_first_dag.py
[2026-03-12T13:44:04.134+0000] {processor.py:829} INFO - Processing file /opt/airflow/dags/my_first_dag.py for tasks to queue
[2026-03-12T13:44:04.135+0000] {logging_mixin.py:154} INFO - [2026-03-12T13:44:04.135+0000] {dagbag.py:536} INFO - Filling up the DagBag from /opt/airflow/dags/my_first_dag.py
[2026-03-12T13:44:04.145+0000] {processor.py:839} INFO - DAG(s) dict_keys(['my_first_pipeline']) retrieved from /opt/airflow/dags/my_first_dag.py
[2026-03-12T13:44:04.167+0000] {logging_mixin.py:154} INFO - [2026-03-12T13:44:04.167+0000] {dag.py:2941} INFO - Sync 1 DAGs
[2026-03-12T13:44:04.177+0000] {logging_mixin.py:154} INFO - [2026-03-12T13:44:04.177+0000] {dag.py:3722} INFO - Setting next_dagrun for my_first_pipeline to None, run_after=None
[2026-03-12T13:44:04.191+0000] {processor.py:179} INFO - Processing /opt/airflow/dags/my_first_dag.py took 0.060 seconds
[2026-03-12T13:44:35.048+0000] {processor.py:157} INFO - Started process (PID=799) to work on /opt/airflow/dags/my_first_dag.py
[2026-03-12T13:44:35.050+0000] {processor.py:829} INFO - Processing file /opt/airflow/dags/my_first_dag.py for tasks to queue
[2026-03-12T13:44:35.051+0000] {logging_mixin.py:154} INFO - [2026-03-12T13:44:35.050+0000] {dagbag.py:536} INFO - Filling up the DagBag from /opt/airflow/dags/my_first_dag.py
[2026-03-12T13:44:35.062+0000] {processor.py:839} INFO - DAG(s) dict_keys(['my_first_pipeline']) retrieved from /opt/airflow/dags/my_first_dag.py
[2026-03-12T13:44:35.090+0000] {logging_mixin.py:154} INFO - [2026-03-12T13:44:35.089+0000] {dag.py:2941} INFO - Sync 1 DAGs
[2026-03-12T13:44:35.101+0000] {logging_mixin.py:154} INFO - [2026-03-12T13:44:35.101+0000] {dag.py:3722} INFO - Setting next_dagrun for my_first_pipeline to None, run_after=None
[2026-03-12T13:44:35.116+0000] {processor.py:179} INFO - Processing /opt/airflow/dags/my_first_dag.py took 0.071 seconds
[2026-03-12T13:45:05.927+0000] {processor.py:157} INFO - Started process (PID=818) to work on /opt/airflow/dags/my_first_dag.py
[2026-03-12T13:45:05.928+0000] {processor.py:829} INFO - Processing file /opt/airflow/dags/my_first_dag.py for tasks to queue
[2026-03-12T13:45:05.929+0000] {logging_mixin.py:154} INFO - [2026-03-12T13:45:05.929+0000] {dagbag.py:536} INFO - Filling up the DagBag from /opt/airflow/dags/my_first_dag.py
[2026-03-12T13:45:05.941+0000] {processor.py:839} INFO - DAG(s) dict_keys(['my_first_pipeline']) retrieved from /opt/airflow/dags/my_first_dag.py
[2026-03-12T13:45:05.964+0000] {logging_mixin.py:154} INFO - [2026-03-12T13:45:05.964+0000] {dag.py:2941} INFO - Sync 1 DAGs
[2026-03-12T13:45:05.975+0000] {logging_mixin.py:154} INFO - [2026-03-12T13:45:05.975+0000] {dag.py:3722} INFO - Setting next_dagrun for my_first_pipeline to None, run_after=None
[2026-03-12T13:45:05.990+0000] {processor.py:179} INFO - Processing /opt/airflow/dags/my_first_dag.py took 0.066 seconds
[2026-03-12T13:45:36.857+0000] {processor.py:157} INFO - Started process (PID=830) to work on /opt/airflow/dags/my_first_dag.py
[2026-03-12T13:45:36.858+0000] {processor.py:829} INFO - Processing file /opt/airflow/dags/my_first_dag.py for tasks to queue
[2026-03-12T13:45:36.859+0000] {logging_mixin.py:154} INFO - [2026-03-12T13:45:36.859+0000] {dagbag.py:536} INFO - Filling up the DagBag from /opt/airflow/dags/my_first_dag.py
[2026-03-12T13:45:36.870+0000] {processor.py:839} INFO - DAG(s) dict_keys(['my_first_pipeline']) retrieved from /opt/airflow/dags/my_first_dag.py
[2026-03-12T13:45:36.894+0000] {logging_mixin.py:154} INFO - [2026-03-12T13:45:36.893+0000] {dag.py:2941} INFO - Sync 1 DAGs
[2026-03-12T13:45:36.905+0000] {logging_mixin.py:154} INFO - [2026-03-12T13:45:36.905+0000] {dag.py:3722} INFO - Setting next_dagrun for my_first_pipeline to None, run_after=None
[2026-03-12T13:45:36.922+0000] {processor.py:179} INFO - Processing /opt/airflow/dags/my_first_dag.py took 0.068 seconds
[2026-03-12T13:46:07.739+0000] {processor.py:157} INFO - Started process (PID=842) to work on /opt/airflow/dags/my_first_dag.py
[2026-03-12T13:46:07.741+0000] {processor.py:829} INFO - Processing file /opt/airflow/dags/my_first_dag.py for tasks to queue
[2026-03-12T13:46:07.742+0000] {logging_mixin.py:154} INFO - [2026-03-12T13:46:07.741+0000] {dagbag.py:536} INFO - Filling up the DagBag from /opt/airflow/dags/my_first_dag.py
[2026-03-12T13:46:07.752+0000] {processor.py:839} INFO - DAG(s) dict_keys(['my_first_pipeline']) retrieved from /opt/airflow/dags/my_first_dag.py
[2026-03-12T13:46:07.775+0000] {logging_mixin.py:154} INFO - [2026-03-12T13:46:07.775+0000] {dag.py:2941} INFO - Sync 1 DAGs
[2026-03-12T13:46:07.785+0000] {logging_mixin.py:154} INFO - [2026-03-12T13:46:07.785+0000] {dag.py:3722} INFO - Setting next_dagrun for my_first_pipeline to None, run_after=None
[2026-03-12T13:46:07.801+0000] {processor.py:179} INFO - Processing /opt/airflow/dags/my_first_dag.py took 0.065 seconds
[2026-03-12T13:46:38.595+0000] {processor.py:157} INFO - Started process (PID=855) to work on /opt/airflow/dags/my_first_dag.py
[2026-03-12T13:46:38.596+0000] {processor.py:829} INFO - Processing file /opt/airflow/dags/my_first_dag.py for tasks to queue
[2026-03-12T13:46:38.597+0000] {logging_mixin.py:154} INFO - [2026-03-12T13:46:38.597+0000] {dagbag.py:536} INFO - Filling up the DagBag from /opt/airflow/dags/my_first_dag.py
[2026-03-12T13:46:38.606+0000] {processor.py:839} INFO - DAG(s) dict_keys(['my_first_pipeline']) retrieved from /opt/airflow/dags/my_first_dag.py
[2026-03-12T13:46:38.628+0000] {logging_mixin.py:154} INFO - [2026-03-12T13:46:38.628+0000] {dag.py:2941} INFO - Sync 1 DAGs
[2026-03-12T13:46:38.640+0000] {logging_mixin.py:154} INFO - [2026-03-12T13:46:38.640+0000] {dag.py:3722} INFO - Setting next_dagrun for my_first_pipeline to None, run_after=None
[2026-03-12T13:46:38.654+0000] {processor.py:179} INFO - Processing /opt/airflow/dags/my_first_dag.py took 0.062 seconds
[2026-03-12T13:47:09.475+0000] {processor.py:157} INFO - Started process (PID=867) to work on /opt/airflow/dags/my_first_dag.py
[2026-03-12T13:47:09.476+0000] {processor.py:829} INFO - Processing file /opt/airflow/dags/my_first_dag.py for tasks to queue
[2026-03-12T13:47:09.476+0000] {logging_mixin.py:154} INFO - [2026-03-12T13:47:09.476+0000] {dagbag.py:536} INFO - Filling up the DagBag from /opt/airflow/dags/my_first_dag.py
[2026-03-12T13:47:09.486+0000] {processor.py:839} INFO - DAG(s) dict_keys(['my_first_pipeline']) retrieved from /opt/airflow/dags/my_first_dag.py
[2026-03-12T13:47:09.509+0000] {logging_mixin.py:154} INFO - [2026-03-12T13:47:09.509+0000] {dag.py:2941} INFO - Sync 1 DAGs
[2026-03-12T13:47:09.519+0000] {logging_mixin.py:154} INFO - [2026-03-12T13:47:09.519+0000] {dag.py:3722} INFO - Setting next_dagrun for my_first_pipeline to None, run_after=None
[2026-03-12T13:47:09.533+0000] {processor.py:179} INFO - Processing /opt/airflow/dags/my_first_dag.py took 0.061 seconds
[2026-03-12T13:47:40.353+0000] {processor.py:157} INFO - Started process (PID=879) to work on /opt/airflow/dags/my_first_dag.py
[2026-03-12T13:47:40.353+0000] {processor.py:829} INFO - Processing file /opt/airflow/dags/my_first_dag.py for tasks to queue
[2026-03-12T13:47:40.354+0000] {logging_mixin.py:154} INFO - [2026-03-12T13:47:40.354+0000] {dagbag.py:536} INFO - Filling up the DagBag from /opt/airflow/dags/my_first_dag.py
[2026-03-12T13:47:40.364+0000] {processor.py:839} INFO - DAG(s) dict_keys(['my_first_pipeline']) retrieved from /opt/airflow/dags/my_first_dag.py
[2026-03-12T13:47:40.387+0000] {logging_mixin.py:154} INFO - [2026-03-12T13:47:40.386+0000] {dag.py:2941} INFO - Sync 1 DAGs
[2026-03-12T13:47:40.397+0000] {logging_mixin.py:154} INFO - [2026-03-12T13:47:40.397+0000] {dag.py:3722} INFO - Setting next_dagrun for my_first_pipeline to None, run_after=None
[2026-03-12T13:47:40.412+0000] {processor.py:179} INFO - Processing /opt/airflow/dags/my_first_dag.py took 0.062 seconds
[2026-03-12T13:48:11.229+0000] {processor.py:157} INFO - Started process (PID=891) to work on /opt/airflow/dags/my_first_dag.py
[2026-03-12T13:48:11.230+0000] {processor.py:829} INFO - Processing file /opt/airflow/dags/my_first_dag.py for tasks to queue
[2026-03-12T13:48:11.231+0000] {logging_mixin.py:154} INFO - [2026-03-12T13:48:11.231+0000] {dagbag.py:536} INFO - Filling up the DagBag from /opt/airflow/dags/my_first_dag.py
[2026-03-12T13:48:11.241+0000] {processor.py:839} INFO - DAG(s) dict_keys(['my_first_pipeline']) retrieved from /opt/airflow/dags/my_first_dag.py
[2026-03-12T13:48:11.266+0000] {logging_mixin.py:154} INFO - [2026-03-12T13:48:11.265+0000] {dag.py:2941} INFO - Sync 1 DAGs
[2026-03-12T13:48:11.278+0000] {logging_mixin.py:154} INFO - [2026-03-12T13:48:11.278+0000] {dag.py:3722} INFO - Setting next_dagrun for my_first_pipeline to None, run_after=None
[2026-03-12T13:48:11.292+0000] {processor.py:179} INFO - Processing /opt/airflow/dags/my_first_dag.py took 0.067 seconds
[2026-03-12T13:48:42.166+0000] {processor.py:157} INFO - Started process (PID=903) to work on /opt/airflow/dags/my_first_dag.py
[2026-03-12T13:48:42.167+0000] {processor.py:829} INFO - Processing file /opt/airflow/dags/my_first_dag.py for tasks to queue
[2026-03-12T13:48:42.168+0000] {logging_mixin.py:154} INFO - [2026-03-12T13:48:42.167+0000] {dagbag.py:536} INFO - Filling up the DagBag from /opt/airflow/dags/my_first_dag.py
[2026-03-12T13:48:42.177+0000] {processor.py:839} INFO - DAG(s) dict_keys(['my_first_pipeline']) retrieved from /opt/airflow/dags/my_first_dag.py
[2026-03-12T13:48:42.199+0000] {logging_mixin.py:154} INFO - [2026-03-12T13:48:42.198+0000] {dag.py:2941} INFO - Sync 1 DAGs
[2026-03-12T13:48:42.209+0000] {logging_mixin.py:154} INFO - [2026-03-12T13:48:42.209+0000] {dag.py:3722} INFO - Setting next_dagrun for my_first_pipeline to None, run_after=None
[2026-03-12T13:48:42.228+0000] {processor.py:179} INFO - Processing /opt/airflow/dags/my_first_dag.py took 0.065 seconds
[2026-03-12T13:49:12.807+0000] {processor.py:157} INFO - Started process (PID=915) to work on /opt/airflow/dags/my_first_dag.py
[2026-03-12T13:49:12.808+0000] {processor.py:829} INFO - Processing file /opt/airflow/dags/my_first_dag.py for tasks to queue
[2026-03-12T13:49:12.809+0000] {logging_mixin.py:154} INFO - [2026-03-12T13:49:12.809+0000] {dagbag.py:536} INFO - Filling up the DagBag from /opt/airflow/dags/my_first_dag.py
[2026-03-12T13:49:12.821+0000] {processor.py:839} INFO - DAG(s) dict_keys(['my_first_pipeline']) retrieved from /opt/airflow/dags/my_first_dag.py
[2026-03-12T13:49:12.858+0000] {logging_mixin.py:154} INFO - [2026-03-12T13:49:12.858+0000] {dag.py:2941} INFO - Sync 1 DAGs
[2026-03-12T13:49:12.870+0000] {logging_mixin.py:154} INFO - [2026-03-12T13:49:12.870+0000] {dag.py:3722} INFO - Setting next_dagrun for my_first_pipeline to None, run_after=None
[2026-03-12T13:49:12.886+0000] {processor.py:179} INFO - Processing /opt/airflow/dags/my_first_dag.py took 0.083 seconds
