[2026-03-13T15:14:31.483+0000] {taskinstance.py:1159} INFO - Dependencies all met for dep_context=non-requeueable deps ti=<TaskInstance: dependency_exercise.extract_eu manual__2026-03-13T15:14:29.773192+00:00 [queued]>
[2026-03-13T15:14:31.493+0000] {taskinstance.py:1159} INFO - Dependencies all met for dep_context=requeueable deps ti=<TaskInstance: dependency_exercise.extract_eu manual__2026-03-13T15:14:29.773192+00:00 [queued]>
[2026-03-13T15:14:31.493+0000] {taskinstance.py:1361} INFO - Starting attempt 1 of 1
[2026-03-13T15:14:31.504+0000] {taskinstance.py:1382} INFO - Executing <Task(PythonOperator): extract_eu> on 2026-03-13 15:14:29.773192+00:00
[2026-03-13T15:14:31.508+0000] {standard_task_runner.py:57} INFO - Started process 1159 to run task
[2026-03-13T15:14:31.512+0000] {standard_task_runner.py:84} INFO - Running: ['airflow', 'tasks', 'run', 'dependency_exercise', 'extract_eu', 'manual__2026-03-13T15:14:29.773192+00:00', '--job-id', '16', '--raw', '--subdir', 'DAGS_FOLDER/dependency_excercise_dag.py', '--cfg-path', '/tmp/tmpacc3m8sw']
[2026-03-13T15:14:31.515+0000] {standard_task_runner.py:85} INFO - Job 16: Subtask extract_eu
[2026-03-13T15:14:31.557+0000] {task_command.py:416} INFO - Running <TaskInstance: dependency_exercise.extract_eu manual__2026-03-13T15:14:29.773192+00:00 [running]> on host c194c1ff274d
[2026-03-13T15:14:31.625+0000] {taskinstance.py:1662} INFO - Exporting env vars: AIRFLOW_CTX_DAG_OWNER='airflow' AIRFLOW_CTX_DAG_ID='dependency_exercise' AIRFLOW_CTX_TASK_ID='extract_eu' AIRFLOW_CTX_EXECUTION_DATE='2026-03-13T15:14:29.773192+00:00' AIRFLOW_CTX_TRY_NUMBER='1' AIRFLOW_CTX_DAG_RUN_ID='manual__2026-03-13T15:14:29.773192+00:00'
[2026-03-13T15:14:31.626+0000] {logging_mixin.py:154} INFO - Extracting data from EU...
[2026-03-13T15:14:31.427+0000] {taskinstance.py:1937} ERROR - Task failed with exception
Traceback (most recent call last):
  File "/home/airflow/.local/lib/python3.8/site-packages/airflow/operators/python.py", line 192, in execute
    return_value = self.execute_callable()
  File "/home/airflow/.local/lib/python3.8/site-packages/airflow/operators/python.py", line 209, in execute_callable
    return self.python_callable(*self.op_args, **self.op_kwargs)
  File "/opt/airflow/dags/dependency_excercise_dag.py", line 35, in extract_region
    raise Exception(f"Something went wrong while extracting {region}")
Exception: Something went wrong while extracting EU
[2026-03-13T15:14:31.434+0000] {taskinstance.py:1400} INFO - Marking task as FAILED. dag_id=dependency_exercise, task_id=extract_eu, execution_date=20260313T151429, start_date=20260313T151431, end_date=20260313T151431
[2026-03-13T15:14:31.445+0000] {standard_task_runner.py:104} ERROR - Failed to execute job 16 for task extract_eu (Something went wrong while extracting EU; 1159)
[2026-03-13T15:14:31.485+0000] {local_task_job_runner.py:228} INFO - Task exited with return code 1
[2026-03-13T15:14:31.505+0000] {taskinstance.py:2778} INFO - 0 downstream tasks scheduled from follow-on schedule check
